root - 2020-12-02 12:45:56.200 DEBUG : Binding Socket to listen to jobs
root - 2020-12-02 12:45:56.200 DEBUG : Binding socket to listen to Workers
root - 2020-12-02 12:45:56.201 INFO : Using Scheduler = LL
root - 2020-12-02 12:46:09.310 INFO : Arrival Job job_id = 0
root - 2020-12-02 12:46:09.311 INFO : Starting Job job_id = 0
root - 2020-12-02 12:46:09.311 INFO : Sending Map Task task_id = 0_M0 job_id = 0 on Worker worker_id = 3
root - 2020-12-02 12:46:11.129 INFO : Arrival Job job_id = 1
root - 2020-12-02 12:46:11.130 INFO : Starting Job job_id = 1
root - 2020-12-02 12:46:11.130 INFO : Sending Map Task task_id = 1_M0 job_id = 1 on Worker worker_id = 3
root - 2020-12-02 12:46:11.130 INFO : Sending Map Task task_id = 1_M1 job_id = 1 on Worker worker_id = 2
root - 2020-12-02 12:46:11.130 INFO : Sending Map Task task_id = 1_M2 job_id = 1 on Worker worker_id = 3
root - 2020-12-02 12:46:11.369 INFO : Received Map task task_id = 0_M0 job_id = 0
root - 2020-12-02 12:46:11.369 INFO : Sending Reduce Task task_id = 0_R0 job_id = 0 on Worker worker_id = 3
root - 2020-12-02 12:46:12.370 INFO : Received Map task task_id = 1_M2 job_id = 1
root - 2020-12-02 12:46:13.255 INFO : Arrival Job job_id = 2
root - 2020-12-02 12:46:13.256 INFO : Starting Job job_id = 2
root - 2020-12-02 12:46:13.256 INFO : Sending Map Task task_id = 2_M0 job_id = 2 on Worker worker_id = 3
root - 2020-12-02 12:46:13.372 INFO : Received Map task task_id = 1_M1 job_id = 1
root - 2020-12-02 12:46:14.510 INFO : Arrival Job job_id = 3
root - 2020-12-02 12:46:14.510 INFO : Starting Job job_id = 3
root - 2020-12-02 12:46:14.510 INFO : Sending Map Task task_id = 3_M0 job_id = 3 on Worker worker_id = 2
root - 2020-12-02 12:46:14.510 INFO : Sending Map Task task_id = 3_M1 job_id = 3 on Worker worker_id = 2
root - 2020-12-02 12:46:14.510 INFO : Sending Map Task task_id = 3_M2 job_id = 3 on Worker worker_id = 3
root - 2020-12-02 12:46:15.374 INFO : Received Map task task_id = 1_M0 job_id = 1
root - 2020-12-02 12:46:15.374 INFO : Sending Reduce Task task_id = 1_R0 job_id = 1 on Worker worker_id = 3
root - 2020-12-02 12:46:16.376 INFO : Received Reduce task task_id = 0_R0 job_id = 0
root - 2020-12-02 12:46:16.376 INFO : Ending Job job_id = 0
root - 2020-12-02 12:46:17.377 INFO : Received Map task task_id = 2_M0 job_id = 2
root - 2020-12-02 12:46:17.378 INFO : Sending Reduce Task task_id = 2_R0 job_id = 2 on Worker worker_id = 3
root - 2020-12-02 12:46:17.624 INFO : Arrival Job job_id = 4
root - 2020-12-02 12:46:17.624 INFO : Starting Job job_id = 4
root - 2020-12-02 12:46:17.624 INFO : Sending Map Task task_id = 4_M0 job_id = 4 on Worker worker_id = 3
root - 2020-12-02 12:46:17.625 INFO : Sending Map Task task_id = 4_M1 job_id = 4 on Worker worker_id = 2
root - 2020-12-02 12:46:17.625 INFO : Sending Map Task task_id = 4_M2 job_id = 4 on Worker worker_id = 3
root - 2020-12-02 12:46:18.381 INFO : Received Map task task_id = 3_M0 job_id = 3
root - 2020-12-02 12:46:19.382 INFO : Received Map task task_id = 3_M2 job_id = 3
root - 2020-12-02 12:46:20.252 INFO : Arrival Job job_id = 5
root - 2020-12-02 12:46:20.252 INFO : Starting Job job_id = 5
root - 2020-12-02 12:46:20.252 INFO : Sending Map Task task_id = 5_M0 job_id = 5 on Worker worker_id = 2
root - 2020-12-02 12:46:20.253 INFO : Sending Map Task task_id = 5_M1 job_id = 5 on Worker worker_id = 3
root - 2020-12-02 12:46:20.253 INFO : Sending Map Task task_id = 5_M2 job_id = 5 on Worker worker_id = 2
root - 2020-12-02 12:46:20.384 INFO : Received Map task task_id = 3_M1 job_id = 3
root - 2020-12-02 12:46:20.384 INFO : Sending Reduce Task task_id = 3_R0 job_id = 3 on Worker worker_id = 2
root - 2020-12-02 12:46:21.254 INFO : Arrival Job job_id = 6
root - 2020-12-02 12:46:21.254 INFO : Starting Job job_id = 6
root - 2020-12-02 12:46:21.255 INFO : Sending Map Task task_id = 6_M0 job_id = 6 on Worker worker_id = 3
root - 2020-12-02 12:46:21.255 INFO : Sending Map Task task_id = 6_M1 job_id = 6 on Worker worker_id = 1
root - 2020-12-02 12:46:21.255 INFO : Sending Map Task task_id = 6_M2 job_id = 6 on Worker worker_id = 2
root - 2020-12-02 12:46:21.385 INFO : Received Reduce task task_id = 1_R0 job_id = 1
root - 2020-12-02 12:46:21.385 INFO : Ending Job job_id = 1
root - 2020-12-02 12:46:22.387 INFO : Received Map task task_id = 4_M0 job_id = 4
root - 2020-12-02 12:46:23.388 INFO : Received Reduce task task_id = 2_R0 job_id = 2
root - 2020-12-02 12:46:23.388 INFO : Ending Job job_id = 2
root - 2020-12-02 12:46:24.390 INFO : Received Map task task_id = 4_M1 job_id = 4
root - 2020-12-02 12:46:24.699 INFO : Arrival Job job_id = 7
root - 2020-12-02 12:46:24.699 INFO : Starting Job job_id = 7
root - 2020-12-02 12:46:24.700 INFO : Sending Map Task task_id = 7_M0 job_id = 7 on Worker worker_id = 3
root - 2020-12-02 12:46:24.700 INFO : Sending Map Task task_id = 7_M1 job_id = 7 on Worker worker_id = 3
root - 2020-12-02 12:46:24.700 INFO : Sending Map Task task_id = 7_M2 job_id = 7 on Worker worker_id = 3
root - 2020-12-02 12:46:25.392 INFO : Received Map task task_id = 6_M2 job_id = 6
root - 2020-12-02 12:46:25.701 INFO : Arrival Job job_id = 8
root - 2020-12-02 12:46:25.701 INFO : Starting Job job_id = 8
root - 2020-12-02 12:46:25.702 INFO : Sending Map Task task_id = 8_M0 job_id = 8 on Worker worker_id = 2
root - 2020-12-02 12:46:26.394 INFO : Received Map task task_id = 4_M2 job_id = 4
root - 2020-12-02 12:46:26.394 INFO : Sending Reduce Task task_id = 4_R0 job_id = 4 on Worker worker_id = 3
root - 2020-12-02 12:46:26.394 INFO : Sending Reduce Task task_id = 4_R1 job_id = 4 on Worker worker_id = 2
root - 2020-12-02 12:46:26.703 INFO : Arrival Job job_id = 9
root - 2020-12-02 12:46:26.703 INFO : Starting Job job_id = 9
root - 2020-12-02 12:46:26.703 INFO : Sending Map Task task_id = 9_M0 job_id = 9 on Worker worker_id = 3
root - 2020-12-02 12:46:27.396 INFO : Received Map task task_id = 5_M1 job_id = 5
root - 2020-12-02 12:46:27.704 INFO : Arrival Job job_id = 10
root - 2020-12-02 12:46:27.705 INFO : Starting Job job_id = 10
root - 2020-12-02 12:46:27.705 INFO : Sending Map Task task_id = 10_M0 job_id = 10 on Worker worker_id = 3
root - 2020-12-02 12:46:28.397 INFO : Received Map task task_id = 6_M0 job_id = 6
root - 2020-12-02 12:46:28.706 INFO : Arrival Job job_id = 11
root - 2020-12-02 12:46:28.706 INFO : Starting Job job_id = 11
root - 2020-12-02 12:46:28.706 INFO : Sending Map Task task_id = 11_M0 job_id = 11 on Worker worker_id = 3
root - 2020-12-02 12:46:28.707 INFO : Sending Map Task task_id = 11_M1 job_id = 11 on Worker worker_id = 1
root - 2020-12-02 12:46:28.707 INFO : Sending Map Task task_id = 11_M2 job_id = 11 on Worker worker_id = 2
root - 2020-12-02 12:46:29.399 INFO : Received Map task task_id = 6_M1 job_id = 6
root - 2020-12-02 12:46:29.399 INFO : Sending Reduce Task task_id = 6_R0 job_id = 6 on Worker worker_id = 1
root - 2020-12-02 12:46:29.400 INFO : Sending Reduce Task task_id = 6_R1 job_id = 6 on Worker worker_id = 3
root - 2020-12-02 12:46:29.708 INFO : Arrival Job job_id = 12
root - 2020-12-02 12:46:29.709 INFO : Starting Job job_id = 12
root - 2020-12-02 12:46:29.709 INFO : Sending Map Task task_id = 12_M0 job_id = 12 on Worker worker_id = 1
root - 2020-12-02 12:46:29.709 INFO : Sending Map Task task_id = 12_M1 job_id = 12 on Worker worker_id = 2
root - 2020-12-02 12:46:29.709 INFO : Sending Map Task task_id = 12_M2 job_id = 12 on Worker worker_id = 3
root - 2020-12-02 12:46:29.709 DEBUG : All Workers' slots full
root - 2020-12-02 12:46:30.401 INFO : Received Map task task_id = 5_M0 job_id = 5
root - 2020-12-02 12:46:30.711 INFO : Arrival Job job_id = 13
root - 2020-12-02 12:46:30.711 INFO : Starting Job job_id = 13
root - 2020-12-02 12:46:30.711 INFO : Sending Map Task task_id = 13_M0 job_id = 13 on Worker worker_id = 2
root - 2020-12-02 12:46:30.711 DEBUG : All Workers' slots full
root - 2020-12-02 12:46:31.403 INFO : Received Map task task_id = 5_M2 job_id = 5
root - 2020-12-02 12:46:31.403 INFO : Sending Reduce Task task_id = 5_R0 job_id = 5 on Worker worker_id = 2
root - 2020-12-02 12:46:31.403 DEBUG : All Workers' slots full
root - 2020-12-02 12:46:31.713 INFO : Arrival Job job_id = 14
root - 2020-12-02 12:46:31.713 DEBUG : All Workers' slots full
root - 2020-12-02 12:46:32.404 INFO : Received Reduce task task_id = 3_R0 job_id = 3
root - 2020-12-02 12:46:32.405 INFO : Ending Job job_id = 3
root - 2020-12-02 12:46:32.405 INFO : Sending Reduce Task task_id = 5_R1 job_id = 5 on Worker worker_id = 2
root - 2020-12-02 12:46:32.405 DEBUG : All Workers' slots full
root - 2020-12-02 12:46:33.406 INFO : Received Map task task_id = 7_M0 job_id = 7
root - 2020-12-02 12:46:33.406 INFO : Starting Job job_id = 14
root - 2020-12-02 12:46:33.406 INFO : Sending Map Task task_id = 14_M0 job_id = 14 on Worker worker_id = 3
root - 2020-12-02 12:46:33.406 DEBUG : All Workers' slots full
root - 2020-12-02 12:46:34.407 INFO : Received Map task task_id = 8_M0 job_id = 8
root - 2020-12-02 12:46:34.407 INFO : Sending Map Task task_id = 14_M1 job_id = 14 on Worker worker_id = 2
root - 2020-12-02 12:46:34.408 DEBUG : All Workers' slots full
root - 2020-12-02 12:46:34.739 INFO : Arrival Job job_id = 15
root - 2020-12-02 12:46:34.739 DEBUG : All Workers' slots full
root - 2020-12-02 12:46:35.409 INFO : Received Map task task_id = 7_M1 job_id = 7
root - 2020-12-02 12:46:35.409 INFO : Sending Map Task task_id = 14_M2 job_id = 14 on Worker worker_id = 3
root - 2020-12-02 12:46:35.409 DEBUG : All Workers' slots full
root - 2020-12-02 12:46:35.782 INFO : Arrival Job job_id = 16
root - 2020-12-02 12:46:35.782 DEBUG : All Workers' slots full
root - 2020-12-02 12:46:36.410 INFO : Received Map task task_id = 7_M2 job_id = 7
root - 2020-12-02 12:46:36.411 INFO : Sending Map Task task_id = 14_M3 job_id = 14 on Worker worker_id = 3
root - 2020-12-02 12:46:36.411 DEBUG : All Workers' slots full
root - 2020-12-02 12:46:37.412 INFO : Received Reduce task task_id = 4_R0 job_id = 4
root - 2020-12-02 12:46:37.412 INFO : Sending Reduce Task task_id = 8_R0 job_id = 8 on Worker worker_id = 3
root - 2020-12-02 12:46:37.412 DEBUG : All Workers' slots full
root - 2020-12-02 12:46:37.717 INFO : Arrival Job job_id = 17
root - 2020-12-02 12:46:37.717 DEBUG : All Workers' slots full
root - 2020-12-02 12:46:38.414 INFO : Received Map task task_id = 9_M0 job_id = 9
root - 2020-12-02 12:46:38.414 INFO : Sending Reduce Task task_id = 8_R1 job_id = 8 on Worker worker_id = 3
root - 2020-12-02 12:46:38.414 DEBUG : All Workers' slots full
root - 2020-12-02 12:46:39.415 INFO : Received Reduce task task_id = 4_R1 job_id = 4
root - 2020-12-02 12:46:39.415 INFO : Ending Job job_id = 4
root - 2020-12-02 12:46:39.416 INFO : Starting Job job_id = 15
root - 2020-12-02 12:46:39.416 INFO : Sending Map Task task_id = 15_M0 job_id = 15 on Worker worker_id = 2
root - 2020-12-02 12:46:39.416 DEBUG : All Workers' slots full
root - 2020-12-02 12:46:39.497 INFO : Arrival Job job_id = 18
root - 2020-12-02 12:46:39.497 DEBUG : All Workers' slots full
root - 2020-12-02 12:46:40.417 INFO : Received Map task task_id = 10_M0 job_id = 10
root - 2020-12-02 12:46:40.417 INFO : Starting Job job_id = 16
root - 2020-12-02 12:46:40.418 INFO : Sending Map Task task_id = 16_M0 job_id = 16 on Worker worker_id = 3
root - 2020-12-02 12:46:40.418 DEBUG : All Workers' slots full
root - 2020-12-02 12:46:40.498 INFO : Arrival Job job_id = 19
root - 2020-12-02 12:46:40.498 DEBUG : All Workers' slots full
root - 2020-12-02 12:46:41.419 INFO : Received Map task task_id = 11_M2 job_id = 11
root - 2020-12-02 12:46:41.419 INFO : Sending Map Task task_id = 16_M1 job_id = 16 on Worker worker_id = 2
root - 2020-12-02 12:46:41.419 DEBUG : All Workers' slots full
root - 2020-12-02 12:46:41.826 INFO : Arrival Job job_id = 20
root - 2020-12-02 12:46:41.826 DEBUG : All Workers' slots full
root - 2020-12-02 12:46:42.420 INFO : Received Map task task_id = 12_M2 job_id = 12
root - 2020-12-02 12:46:42.421 INFO : Sending Map Task task_id = 16_M2 job_id = 16 on Worker worker_id = 3
root - 2020-12-02 12:46:42.421 DEBUG : All Workers' slots full
root - 2020-12-02 12:46:43.423 INFO : Received Map task task_id = 11_M1 job_id = 11
root - 2020-12-02 12:46:43.423 INFO : Sending Map Task task_id = 16_M3 job_id = 16 on Worker worker_id = 1
root - 2020-12-02 12:46:43.423 DEBUG : All Workers' slots full
root - 2020-12-02 12:46:44.411 INFO : Arrival Job job_id = 21
root - 2020-12-02 12:46:44.411 DEBUG : All Workers' slots full
root - 2020-12-02 12:46:44.424 INFO : Received Map task task_id = 12_M1 job_id = 12
root - 2020-12-02 12:46:44.425 INFO : Sending Reduce Task task_id = 7_R0 job_id = 7 on Worker worker_id = 2
root - 2020-12-02 12:46:44.425 DEBUG : All Workers' slots full
root - 2020-12-02 12:46:45.426 INFO : Received Map task task_id = 13_M0 job_id = 13
root - 2020-12-02 12:46:45.426 INFO : Sending Reduce Task task_id = 7_R1 job_id = 7 on Worker worker_id = 2
root - 2020-12-02 12:46:45.426 DEBUG : All Workers' slots full
root - 2020-12-02 12:46:46.428 INFO : Received Reduce task task_id = 5_R0 job_id = 5
root - 2020-12-02 12:46:46.428 INFO : Starting Job job_id = 17
root - 2020-12-02 12:46:46.428 INFO : Sending Map Task task_id = 17_M0 job_id = 17 on Worker worker_id = 2
root - 2020-12-02 12:46:46.428 DEBUG : All Workers' slots full
root - 2020-12-02 12:46:46.871 INFO : Arrival Job job_id = 22
root - 2020-12-02 12:46:46.871 DEBUG : All Workers' slots full
root - 2020-12-02 12:46:47.430 INFO : Received Map task task_id = 11_M0 job_id = 11
root - 2020-12-02 12:46:47.430 INFO : Sending Map Task task_id = 17_M1 job_id = 17 on Worker worker_id = 3
root - 2020-12-02 12:46:47.431 DEBUG : All Workers' slots full
root - 2020-12-02 12:46:47.873 INFO : Arrival Job job_id = 23
root - 2020-12-02 12:46:47.873 DEBUG : All Workers' slots full
root - 2020-12-02 12:46:48.432 INFO : Received Reduce task task_id = 6_R0 job_id = 6
root - 2020-12-02 12:46:48.432 INFO : Sending Map Task task_id = 17_M2 job_id = 17 on Worker worker_id = 1
root - 2020-12-02 12:46:48.432 DEBUG : All Workers' slots full
root - 2020-12-02 12:46:48.875 INFO : Arrival Job job_id = 24
root - 2020-12-02 12:46:48.875 DEBUG : All Workers' slots full
root - 2020-12-02 12:46:49.434 INFO : Received Map task task_id = 12_M0 job_id = 12
root - 2020-12-02 12:46:49.434 INFO : Sending Map Task task_id = 17_M3 job_id = 17 on Worker worker_id = 1
root - 2020-12-02 12:46:49.434 DEBUG : All Workers' slots full
root - 2020-12-02 12:46:49.877 INFO : Arrival Job job_id = 25
root - 2020-12-02 12:46:49.877 DEBUG : All Workers' slots full
root - 2020-12-02 12:46:50.436 INFO : Received Reduce task task_id = 6_R1 job_id = 6
root - 2020-12-02 12:46:50.436 INFO : Ending Job job_id = 6
root - 2020-12-02 12:46:50.436 INFO : Sending Reduce Task task_id = 9_R0 job_id = 9 on Worker worker_id = 3
root - 2020-12-02 12:46:50.436 DEBUG : All Workers' slots full
root - 2020-12-02 12:46:50.879 INFO : Arrival Job job_id = 26
root - 2020-12-02 12:46:50.879 DEBUG : All Workers' slots full
root - 2020-12-02 12:46:51.438 INFO : Received Map task task_id = 14_M1 job_id = 14
root - 2020-12-02 12:46:51.438 INFO : Sending Reduce Task task_id = 9_R1 job_id = 9 on Worker worker_id = 2
root - 2020-12-02 12:46:51.438 DEBUG : All Workers' slots full
root - 2020-12-02 12:46:51.880 INFO : Arrival Job job_id = 27
root - 2020-12-02 12:46:51.880 DEBUG : All Workers' slots full
root - 2020-12-02 12:46:52.439 INFO : Received Reduce task task_id = 5_R1 job_id = 5
root - 2020-12-02 12:46:52.440 INFO : Ending Job job_id = 5
root - 2020-12-02 12:46:52.440 INFO : Starting Job job_id = 18
root - 2020-12-02 12:46:52.440 INFO : Sending Map Task task_id = 18_M0 job_id = 18 on Worker worker_id = 2
root - 2020-12-02 12:46:52.440 DEBUG : All Workers' slots full
root - 2020-12-02 12:46:52.882 INFO : Arrival Job job_id = 28
root - 2020-12-02 12:46:52.882 DEBUG : All Workers' slots full
root - 2020-12-02 12:46:53.442 INFO : Received Map task task_id = 14_M2 job_id = 14
root - 2020-12-02 12:46:53.442 INFO : Sending Map Task task_id = 18_M1 job_id = 18 on Worker worker_id = 3
root - 2020-12-02 12:46:53.442 DEBUG : All Workers' slots full
root - 2020-12-02 12:46:53.883 INFO : Arrival Job job_id = 29
root - 2020-12-02 12:46:53.883 DEBUG : All Workers' slots full
root - 2020-12-02 12:46:54.444 INFO : Received Map task task_id = 14_M0 job_id = 14
root - 2020-12-02 12:46:54.444 INFO : Sending Map Task task_id = 18_M2 job_id = 18 on Worker worker_id = 3
root - 2020-12-02 12:46:54.444 DEBUG : All Workers' slots full
root - 2020-12-02 12:46:55.446 INFO : Received Map task task_id = 14_M3 job_id = 14
root - 2020-12-02 12:46:55.446 INFO : Sending Reduce Task task_id = 10_R0 job_id = 10 on Worker worker_id = 3
root - 2020-12-02 12:46:55.446 DEBUG : All Workers' slots full
root - 2020-12-02 12:46:56.447 INFO : Received Reduce task task_id = 8_R0 job_id = 8
root - 2020-12-02 12:46:56.447 INFO : Starting Job job_id = 19
root - 2020-12-02 12:46:56.447 INFO : Sending Map Task task_id = 19_M0 job_id = 19 on Worker worker_id = 3
root - 2020-12-02 12:46:56.447 DEBUG : All Workers' slots full
root - 2020-12-02 12:46:57.449 INFO : Received Reduce task task_id = 8_R1 job_id = 8
root - 2020-12-02 12:46:57.449 INFO : Ending Job job_id = 8
root - 2020-12-02 12:46:57.449 INFO : Sending Map Task task_id = 19_M1 job_id = 19 on Worker worker_id = 3
root - 2020-12-02 12:46:57.449 DEBUG : All Workers' slots full
root - 2020-12-02 12:46:58.451 INFO : Received Map task task_id = 15_M0 job_id = 15
root - 2020-12-02 12:46:58.451 INFO : Sending Map Task task_id = 19_M2 job_id = 19 on Worker worker_id = 2
root - 2020-12-02 12:46:58.451 DEBUG : All Workers' slots full
root - 2020-12-02 12:46:59.452 INFO : Received Map task task_id = 16_M1 job_id = 16
root - 2020-12-02 12:46:59.453 INFO : Starting Job job_id = 20
root - 2020-12-02 12:46:59.453 INFO : Sending Map Task task_id = 20_M0 job_id = 20 on Worker worker_id = 2
root - 2020-12-02 12:46:59.453 DEBUG : All Workers' slots full
root - 2020-12-02 12:47:00.454 INFO : Received Map task task_id = 16_M0 job_id = 16
root - 2020-12-02 12:47:00.454 INFO : Sending Map Task task_id = 20_M1 job_id = 20 on Worker worker_id = 3
root - 2020-12-02 12:47:00.455 DEBUG : All Workers' slots full
root - 2020-12-02 12:47:01.456 INFO : Received Map task task_id = 16_M3 job_id = 16
root - 2020-12-02 12:47:01.456 INFO : Sending Map Task task_id = 20_M2 job_id = 20 on Worker worker_id = 1
root - 2020-12-02 12:47:01.456 DEBUG : All Workers' slots full
root - 2020-12-02 12:47:02.458 INFO : Received Map task task_id = 16_M2 job_id = 16
root - 2020-12-02 12:47:02.458 INFO : Starting Job job_id = 21
root - 2020-12-02 12:47:02.458 INFO : Sending Map Task task_id = 21_M0 job_id = 21 on Worker worker_id = 3
root - 2020-12-02 12:47:02.458 DEBUG : All Workers' slots full
root - 2020-12-02 12:47:03.460 INFO : Received Reduce task task_id = 7_R1 job_id = 7
root - 2020-12-02 12:47:03.460 INFO : Sending Map Task task_id = 21_M1 job_id = 21 on Worker worker_id = 2
root - 2020-12-02 12:47:03.460 DEBUG : All Workers' slots full
root - 2020-12-02 12:47:04.461 INFO : Received Reduce task task_id = 7_R0 job_id = 7
root - 2020-12-02 12:47:04.462 INFO : Ending Job job_id = 7
root - 2020-12-02 12:47:04.462 INFO : Sending Map Task task_id = 21_M2 job_id = 21 on Worker worker_id = 2
root - 2020-12-02 12:47:04.462 DEBUG : All Workers' slots full
root - 2020-12-02 12:47:05.463 INFO : Received Map task task_id = 17_M0 job_id = 17
root - 2020-12-02 12:47:05.463 INFO : Sending Reduce Task task_id = 13_R0 job_id = 13 on Worker worker_id = 2
root - 2020-12-02 12:47:05.463 DEBUG : All Workers' slots full
root - 2020-12-02 12:47:06.465 INFO : Received Map task task_id = 17_M1 job_id = 17
root - 2020-12-02 12:47:06.465 INFO : Sending Reduce Task task_id = 13_R1 job_id = 13 on Worker worker_id = 3
root - 2020-12-02 12:47:06.465 DEBUG : All Workers' slots full
root - 2020-12-02 12:47:07.467 INFO : Received Map task task_id = 17_M2 job_id = 17
root - 2020-12-02 12:47:07.467 INFO : Starting Job job_id = 22
root - 2020-12-02 12:47:07.467 INFO : Sending Map Task task_id = 22_M0 job_id = 22 on Worker worker_id = 1
root - 2020-12-02 12:47:07.468 DEBUG : All Workers' slots full
root - 2020-12-02 12:47:08.470 INFO : Received Reduce task task_id = 9_R1 job_id = 9
root - 2020-12-02 12:47:08.470 INFO : Sending Map Task task_id = 22_M1 job_id = 22 on Worker worker_id = 2
root - 2020-12-02 12:47:08.470 DEBUG : All Workers' slots full
root - 2020-12-02 12:47:09.471 INFO : Received Map task task_id = 17_M3 job_id = 17
root - 2020-12-02 12:47:09.472 INFO : Sending Reduce Task task_id = 11_R0 job_id = 11 on Worker worker_id = 1
root - 2020-12-02 12:47:09.472 DEBUG : All Workers' slots full
root - 2020-12-02 12:47:10.473 INFO : Received Map task task_id = 18_M0 job_id = 18
root - 2020-12-02 12:47:10.473 INFO : Sending Reduce Task task_id = 11_R1 job_id = 11 on Worker worker_id = 2
root - 2020-12-02 12:47:10.474 DEBUG : All Workers' slots full
root - 2020-12-02 12:47:11.475 INFO : Received Reduce task task_id = 9_R0 job_id = 9
root - 2020-12-02 12:47:11.475 INFO : Ending Job job_id = 9
root - 2020-12-02 12:47:11.475 INFO : Starting Job job_id = 23
root - 2020-12-02 12:47:11.475 INFO : Sending Map Task task_id = 23_M0 job_id = 23 on Worker worker_id = 3
root - 2020-12-02 12:47:11.476 DEBUG : All Workers' slots full
root - 2020-12-02 12:47:12.477 INFO : Received Map task task_id = 18_M1 job_id = 18
root - 2020-12-02 12:47:12.477 INFO : Starting Job job_id = 24
root - 2020-12-02 12:47:12.480 INFO : Sending Map Task task_id = 24_M0 job_id = 24 on Worker worker_id = 3
root - 2020-12-02 12:47:12.480 DEBUG : All Workers' slots full
root - 2020-12-02 12:47:13.482 INFO : Received Reduce task task_id = 10_R0 job_id = 10
root - 2020-12-02 12:47:13.482 INFO : Ending Job job_id = 10
root - 2020-12-02 12:47:13.482 INFO : Sending Map Task task_id = 24_M1 job_id = 24 on Worker worker_id = 3
root - 2020-12-02 12:47:13.482 DEBUG : All Workers' slots full
root - 2020-12-02 12:47:14.484 INFO : Received Map task task_id = 18_M2 job_id = 18
root - 2020-12-02 12:47:14.484 INFO : Sending Reduce Task task_id = 12_R0 job_id = 12 on Worker worker_id = 3
root - 2020-12-02 12:47:14.484 DEBUG : All Workers' slots full
root - 2020-12-02 12:47:15.485 INFO : Received Map task task_id = 19_M0 job_id = 19
root - 2020-12-02 12:47:15.486 INFO : Sending Reduce Task task_id = 12_R1 job_id = 12 on Worker worker_id = 3
root - 2020-12-02 12:47:15.486 DEBUG : All Workers' slots full
root - 2020-12-02 12:47:16.487 INFO : Received Map task task_id = 19_M1 job_id = 19
root - 2020-12-02 12:47:16.487 INFO : Starting Job job_id = 25
root - 2020-12-02 12:47:16.487 INFO : Sending Map Task task_id = 25_M0 job_id = 25 on Worker worker_id = 3
root - 2020-12-02 12:47:16.487 DEBUG : All Workers' slots full
root - 2020-12-02 12:47:17.489 INFO : Received Map task task_id = 20_M1 job_id = 20
root - 2020-12-02 12:47:17.489 INFO : Starting Job job_id = 26
root - 2020-12-02 12:47:17.489 INFO : Sending Map Task task_id = 26_M0 job_id = 26 on Worker worker_id = 3
root - 2020-12-02 12:47:17.489 DEBUG : All Workers' slots full
root - 2020-12-02 12:47:18.491 INFO : Received Map task task_id = 20_M2 job_id = 20
root - 2020-12-02 12:47:18.491 INFO : Sending Map Task task_id = 26_M1 job_id = 26 on Worker worker_id = 1
root - 2020-12-02 12:47:18.491 DEBUG : All Workers' slots full
root - 2020-12-02 12:47:19.492 INFO : Received Map task task_id = 19_M2 job_id = 19
root - 2020-12-02 12:47:19.493 INFO : Starting Job job_id = 27
root - 2020-12-02 12:47:19.493 INFO : Sending Map Task task_id = 27_M0 job_id = 27 on Worker worker_id = 2
root - 2020-12-02 12:47:19.493 DEBUG : All Workers' slots full
root - 2020-12-02 12:47:20.494 INFO : Received Map task task_id = 20_M0 job_id = 20
root - 2020-12-02 12:47:20.494 INFO : Starting Job job_id = 28
root - 2020-12-02 12:47:20.495 INFO : Sending Map Task task_id = 28_M0 job_id = 28 on Worker worker_id = 2
root - 2020-12-02 12:47:20.495 DEBUG : All Workers' slots full
root - 2020-12-02 12:47:21.496 INFO : Received Map task task_id = 21_M0 job_id = 21
root - 2020-12-02 12:47:21.496 INFO : Starting Job job_id = 29
root - 2020-12-02 12:47:21.496 INFO : Sending Map Task task_id = 29_M0 job_id = 29 on Worker worker_id = 3
root - 2020-12-02 12:47:21.496 DEBUG : All Workers' slots full
root - 2020-12-02 12:47:22.498 INFO : Received Map task task_id = 21_M1 job_id = 21
root - 2020-12-02 12:47:22.498 INFO : Sending Reduce Task task_id = 14_R0 job_id = 14 on Worker worker_id = 2
root - 2020-12-02 12:47:22.500 DEBUG : All Workers' slots full
root - 2020-12-02 12:47:23.502 INFO : Received Reduce task task_id = 13_R1 job_id = 13
root - 2020-12-02 12:47:23.503 INFO : Sending Reduce Task task_id = 15_R0 job_id = 15 on Worker worker_id = 3
root - 2020-12-02 12:47:23.503 DEBUG : All Workers' slots full
root - 2020-12-02 12:47:24.504 INFO : Received Map task task_id = 21_M2 job_id = 21
root - 2020-12-02 12:47:24.504 INFO : Sending Reduce Task task_id = 15_R1 job_id = 15 on Worker worker_id = 2
root - 2020-12-02 12:47:24.504 DEBUG : All Workers' slots full
root - 2020-12-02 12:47:25.506 INFO : Received Reduce task task_id = 13_R0 job_id = 13
root - 2020-12-02 12:47:25.506 INFO : Ending Job job_id = 13
root - 2020-12-02 12:47:25.506 INFO : Sending Reduce Task task_id = 16_R0 job_id = 16 on Worker worker_id = 2
root - 2020-12-02 12:47:25.506 DEBUG : All Workers' slots full
root - 2020-12-02 12:47:26.507 INFO : Received Map task task_id = 22_M0 job_id = 22
root - 2020-12-02 12:47:26.508 INFO : Sending Reduce Task task_id = 17_R0 job_id = 17 on Worker worker_id = 1
root - 2020-12-02 12:47:26.508 DEBUG : All Workers' slots full
root - 2020-12-02 12:47:27.509 INFO : Received Reduce task task_id = 11_R0 job_id = 11
root - 2020-12-02 12:47:27.509 INFO : Sending Reduce Task task_id = 18_R0 job_id = 18 on Worker worker_id = 1
root - 2020-12-02 12:47:27.510 DEBUG : All Workers' slots full
root - 2020-12-02 12:47:28.511 INFO : Received Map task task_id = 22_M1 job_id = 22
root - 2020-12-02 12:47:28.511 INFO : Sending Reduce Task task_id = 18_R1 job_id = 18 on Worker worker_id = 2
root - 2020-12-02 12:47:28.511 DEBUG : All Workers' slots full
root - 2020-12-02 12:47:29.513 INFO : Received Map task task_id = 23_M0 job_id = 23
root - 2020-12-02 12:47:29.513 INFO : Sending Reduce Task task_id = 19_R0 job_id = 19 on Worker worker_id = 3
root - 2020-12-02 12:47:29.513 DEBUG : All Workers' slots full
root - 2020-12-02 12:47:30.515 INFO : Received Reduce task task_id = 11_R1 job_id = 11
root - 2020-12-02 12:47:30.515 INFO : Ending Job job_id = 11
root - 2020-12-02 12:47:30.515 INFO : Sending Reduce Task task_id = 20_R0 job_id = 20 on Worker worker_id = 2
root - 2020-12-02 12:47:30.515 DEBUG : All Workers' slots full
root - 2020-12-02 12:47:31.516 INFO : Received Map task task_id = 24_M0 job_id = 24
root - 2020-12-02 12:47:31.517 INFO : Sending Reduce Task task_id = 21_R0 job_id = 21 on Worker worker_id = 3
root - 2020-12-02 12:47:31.517 DEBUG : All Workers' slots full
root - 2020-12-02 12:47:32.518 INFO : Received Map task task_id = 24_M1 job_id = 24
root - 2020-12-02 12:47:32.518 INFO : Sending Reduce Task task_id = 21_R1 job_id = 21 on Worker worker_id = 3
root - 2020-12-02 12:47:32.520 DEBUG : All Workers' slots full
root - 2020-12-02 12:47:33.522 INFO : Received Reduce task task_id = 12_R0 job_id = 12
root - 2020-12-02 12:47:33.522 INFO : Sending Reduce Task task_id = 22_R0 job_id = 22 on Worker worker_id = 3
root - 2020-12-02 12:47:33.522 DEBUG : All Workers' slots full
root - 2020-12-02 12:47:34.524 INFO : Received Reduce task task_id = 12_R1 job_id = 12
root - 2020-12-02 12:47:34.524 INFO : Ending Job job_id = 12
root - 2020-12-02 12:47:34.524 INFO : Sending Reduce Task task_id = 22_R1 job_id = 22 on Worker worker_id = 3
root - 2020-12-02 12:47:34.524 DEBUG : All Workers' slots full
root - 2020-12-02 12:47:35.525 INFO : Received Map task task_id = 25_M0 job_id = 25
root - 2020-12-02 12:47:35.526 INFO : Sending Reduce Task task_id = 23_R0 job_id = 23 on Worker worker_id = 3
root - 2020-12-02 12:47:35.526 DEBUG : All Workers' slots full
root - 2020-12-02 12:47:36.527 INFO : Received Map task task_id = 26_M0 job_id = 26
root - 2020-12-02 12:47:36.527 INFO : Sending Reduce Task task_id = 24_R0 job_id = 24 on Worker worker_id = 3
root - 2020-12-02 12:47:36.527 DEBUG : All Workers' slots full
root - 2020-12-02 12:47:37.529 INFO : Received Map task task_id = 27_M0 job_id = 27
root - 2020-12-02 12:47:37.529 INFO : Sending Reduce Task task_id = 25_R0 job_id = 25 on Worker worker_id = 2
root - 2020-12-02 12:47:37.532 DEBUG : All Workers' slots full
root - 2020-12-02 12:47:38.533 INFO : Received Map task task_id = 26_M1 job_id = 26
root - 2020-12-02 12:47:38.533 INFO : Sending Reduce Task task_id = 27_R0 job_id = 27 on Worker worker_id = 1
root - 2020-12-02 12:47:38.534 DEBUG : All Workers' slots full
root - 2020-12-02 12:47:39.535 INFO : Received Map task task_id = 28_M0 job_id = 28
root - 2020-12-02 12:47:39.535 INFO : Sending Reduce Task task_id = 27_R1 job_id = 27 on Worker worker_id = 2
root - 2020-12-02 12:47:39.535 DEBUG : All Workers' slots full
root - 2020-12-02 12:47:40.537 INFO : Received Map task task_id = 29_M0 job_id = 29
root - 2020-12-02 12:47:40.537 INFO : Sending Reduce Task task_id = 26_R0 job_id = 26 on Worker worker_id = 3
root - 2020-12-02 12:47:40.537 DEBUG : All Workers' slots full
root - 2020-12-02 12:47:41.539 INFO : Received Reduce task task_id = 14_R0 job_id = 14
root - 2020-12-02 12:47:41.539 INFO : Ending Job job_id = 14
root - 2020-12-02 12:47:41.539 INFO : Sending Reduce Task task_id = 28_R0 job_id = 28 on Worker worker_id = 2
root - 2020-12-02 12:47:41.539 DEBUG : All Workers' slots full
root - 2020-12-02 12:47:42.540 INFO : Received Reduce task task_id = 15_R0 job_id = 15
root - 2020-12-02 12:47:42.541 INFO : Sending Reduce Task task_id = 29_R0 job_id = 29 on Worker worker_id = 3
root - 2020-12-02 12:47:42.543 DEBUG : All Workers' slots full
root - 2020-12-02 12:47:43.545 INFO : Received Reduce task task_id = 15_R1 job_id = 15
root - 2020-12-02 12:47:43.545 INFO : Ending Job job_id = 15
root - 2020-12-02 12:47:43.545 INFO : Sending Reduce Task task_id = 29_R1 job_id = 29 on Worker worker_id = 2
root - 2020-12-02 12:47:43.545 DEBUG : All Workers' slots full
root - 2020-12-02 12:47:44.547 INFO : Received Reduce task task_id = 17_R0 job_id = 17
root - 2020-12-02 12:47:44.547 INFO : Ending Job job_id = 17
root - 2020-12-02 12:47:45.549 INFO : Received Reduce task task_id = 16_R0 job_id = 16
root - 2020-12-02 12:47:45.549 INFO : Ending Job job_id = 16
root - 2020-12-02 12:47:46.550 INFO : Received Reduce task task_id = 18_R1 job_id = 18
root - 2020-12-02 12:47:47.552 INFO : Received Reduce task task_id = 18_R0 job_id = 18
root - 2020-12-02 12:47:47.552 INFO : Ending Job job_id = 18
root - 2020-12-02 12:47:48.556 INFO : Received Reduce task task_id = 19_R0 job_id = 19
root - 2020-12-02 12:47:48.556 INFO : Ending Job job_id = 19
root - 2020-12-02 12:47:49.558 INFO : Received Reduce task task_id = 21_R0 job_id = 21
root - 2020-12-02 12:47:50.559 INFO : Received Reduce task task_id = 20_R0 job_id = 20
root - 2020-12-02 12:47:50.560 INFO : Ending Job job_id = 20
root - 2020-12-02 12:47:51.561 INFO : Received Reduce task task_id = 21_R1 job_id = 21
root - 2020-12-02 12:47:51.561 INFO : Ending Job job_id = 21
root - 2020-12-02 12:47:52.563 INFO : Received Reduce task task_id = 22_R0 job_id = 22
root - 2020-12-02 12:47:53.564 INFO : Received Reduce task task_id = 22_R1 job_id = 22
root - 2020-12-02 12:47:53.564 INFO : Ending Job job_id = 22
root - 2020-12-02 12:47:54.566 INFO : Received Reduce task task_id = 25_R0 job_id = 25
root - 2020-12-02 12:47:54.566 INFO : Ending Job job_id = 25
root - 2020-12-02 12:47:55.567 INFO : Received Reduce task task_id = 23_R0 job_id = 23
root - 2020-12-02 12:47:55.567 INFO : Ending Job job_id = 23
root - 2020-12-02 12:47:56.569 INFO : Received Reduce task task_id = 24_R0 job_id = 24
root - 2020-12-02 12:47:56.569 INFO : Ending Job job_id = 24
root - 2020-12-02 12:47:57.571 INFO : Received Reduce task task_id = 27_R0 job_id = 27
root - 2020-12-02 12:47:58.572 INFO : Received Reduce task task_id = 27_R1 job_id = 27
root - 2020-12-02 12:47:58.572 INFO : Ending Job job_id = 27
root - 2020-12-02 12:47:59.574 INFO : Received Reduce task task_id = 26_R0 job_id = 26
root - 2020-12-02 12:47:59.574 INFO : Ending Job job_id = 26
root - 2020-12-02 12:48:00.575 INFO : Received Reduce task task_id = 28_R0 job_id = 28
root - 2020-12-02 12:48:00.575 INFO : Ending Job job_id = 28
root - 2020-12-02 12:48:01.577 INFO : Received Reduce task task_id = 29_R0 job_id = 29
root - 2020-12-02 12:48:02.579 INFO : Received Reduce task task_id = 29_R1 job_id = 29
root - 2020-12-02 12:48:02.579 INFO : Ending Job job_id = 29
root - 2020-12-02 12:49:03.531 DEBUG : Sockets Closed
root - 2020-12-02 12:49:03.531 INFO : Ending Master
