root - 2020-12-04 06:27:40.694 INFO : Starting Map Task task_id = 1_M0 job_id = 1 on Worker worker_id = 3
root - 2020-12-04 06:27:40.848 INFO : Starting Map Task task_id = 1_M3 job_id = 1 on Worker worker_id = 3
root - 2020-12-04 06:27:41.968 INFO : Starting Map Task task_id = 3_M1 job_id = 3 on Worker worker_id = 3
root - 2020-12-04 06:27:42.027 INFO : Starting Map Task task_id = 3_M3 job_id = 3 on Worker worker_id = 3
root - 2020-12-04 06:27:42.473 INFO : Starting Map Task task_id = 4_M0 job_id = 4 on Worker worker_id = 3
root - 2020-12-04 06:27:42.490 INFO : Starting Map Task task_id = 4_M2 job_id = 4 on Worker worker_id = 3
root - 2020-12-04 06:27:43.384 INFO : Starting Map Task task_id = 5_M2 job_id = 5 on Worker worker_id = 3
root - 2020-12-04 06:27:43.685 INFO : Ending Map Task task_id = 1_M3 job_id = 1 on Worker worker_id = 3
root - 2020-12-04 06:27:43.731 INFO : Starting Map Task task_id = 6_M0 job_id = 6 on Worker worker_id = 3
root - 2020-12-04 06:27:43.793 INFO : Starting Map Task task_id = 6_M2 job_id = 6 on Worker worker_id = 3
root - 2020-12-04 06:27:43.824 INFO : Starting Map Task task_id = 6_M3 job_id = 6 on Worker worker_id = 3
root - 2020-12-04 06:27:44.687 INFO : Ending Map Task task_id = 3_M3 job_id = 3 on Worker worker_id = 3
root - 2020-12-04 06:27:44.881 INFO : Starting Map Task task_id = 7_M0 job_id = 7 on Worker worker_id = 3
root - 2020-12-04 06:27:45.689 INFO : Ending Map Task task_id = 1_M0 job_id = 1 on Worker worker_id = 3
root - 2020-12-04 06:27:45.689 INFO : Ending Map Task task_id = 6_M2 job_id = 6 on Worker worker_id = 3
root - 2020-12-04 06:27:46.116 INFO : Starting Map Task task_id = 9_M0 job_id = 9 on Worker worker_id = 3
root - 2020-12-04 06:27:46.116 INFO : Starting Map Task task_id = 9_M1 job_id = 9 on Worker worker_id = 3
root - 2020-12-04 06:27:46.691 INFO : Ending Map Task task_id = 3_M1 job_id = 3 on Worker worker_id = 3
root - 2020-12-04 06:27:46.698 INFO : Ending Map Task task_id = 4_M0 job_id = 4 on Worker worker_id = 3
root - 2020-12-04 06:27:46.698 INFO : Ending Map Task task_id = 4_M2 job_id = 4 on Worker worker_id = 3
root - 2020-12-04 06:27:46.698 INFO : Ending Map Task task_id = 6_M0 job_id = 6 on Worker worker_id = 3
root - 2020-12-04 06:27:46.698 INFO : Ending Map Task task_id = 6_M3 job_id = 6 on Worker worker_id = 3
root - 2020-12-04 06:27:47.118 INFO : Starting Map Task task_id = 10_M0 job_id = 10 on Worker worker_id = 3
root - 2020-12-04 06:27:47.118 INFO : Starting Map Task task_id = 10_M1 job_id = 10 on Worker worker_id = 3
root - 2020-12-04 06:27:47.196 INFO : Starting Reduce Task task_id = 1_R1 job_id = 1 on Worker worker_id = 3
root - 2020-12-04 06:27:47.196 INFO : Starting Reduce Task task_id = 3_R0 job_id = 3 on Worker worker_id = 3
root - 2020-12-04 06:27:47.700 INFO : Ending Map Task task_id = 5_M2 job_id = 5 on Worker worker_id = 3
root - 2020-12-04 06:27:48.121 INFO : Starting Map Task task_id = 10_M2 job_id = 10 on Worker worker_id = 3
root - 2020-12-04 06:27:48.122 INFO : Starting Map Task task_id = 11_M0 job_id = 11 on Worker worker_id = 3
root - 2020-12-04 06:27:48.701 INFO : Ending Map Task task_id = 7_M0 job_id = 7 on Worker worker_id = 3
root - 2020-12-04 06:27:48.702 INFO : Ending Map Task task_id = 10_M0 job_id = 10 on Worker worker_id = 3
root - 2020-12-04 06:27:49.205 INFO : Starting Reduce Task task_id = 5_R1 job_id = 5 on Worker worker_id = 3
root - 2020-12-04 06:27:49.703 INFO : Ending Map Task task_id = 9_M1 job_id = 9 on Worker worker_id = 3
root - 2020-12-04 06:27:50.058 INFO : Starting Reduce Task task_id = 8_R1 job_id = 8 on Worker worker_id = 3
root - 2020-12-04 06:27:50.704 INFO : Ending Map Task task_id = 9_M0 job_id = 9 on Worker worker_id = 3
root - 2020-12-04 06:27:50.831 INFO : Starting Reduce Task task_id = 9_R1 job_id = 9 on Worker worker_id = 3
root - 2020-12-04 06:27:51.705 INFO : Ending Map Task task_id = 10_M1 job_id = 10 on Worker worker_id = 3
root - 2020-12-04 06:27:51.706 INFO : Ending Reduce Task task_id = 1_R1 job_id = 1 on Worker worker_id = 3
root - 2020-12-04 06:27:51.706 INFO : Ending Reduce Task task_id = 3_R0 job_id = 3 on Worker worker_id = 3
root - 2020-12-04 06:27:51.706 INFO : Ending Map Task task_id = 10_M2 job_id = 10 on Worker worker_id = 3
root - 2020-12-04 06:27:51.707 INFO : Ending Map Task task_id = 11_M0 job_id = 11 on Worker worker_id = 3
root - 2020-12-04 06:27:51.707 INFO : Ending Reduce Task task_id = 5_R1 job_id = 5 on Worker worker_id = 3
root - 2020-12-04 06:27:51.707 INFO : Ending Reduce Task task_id = 8_R1 job_id = 8 on Worker worker_id = 3
root - 2020-12-04 06:27:53.035 INFO : Starting Reduce Task task_id = 12_R0 job_id = 12 on Worker worker_id = 3
root - 2020-12-04 06:27:53.627 INFO : Starting Map Task task_id = 14_M2 job_id = 14 on Worker worker_id = 3
root - 2020-12-04 06:27:54.067 INFO : Starting Map Task task_id = 15_M1 job_id = 15 on Worker worker_id = 3
root - 2020-12-04 06:27:54.838 INFO : Starting Map Task task_id = 16_M0 job_id = 16 on Worker worker_id = 3
root - 2020-12-04 06:27:54.972 INFO : Starting Map Task task_id = 16_M3 job_id = 16 on Worker worker_id = 3
root - 2020-12-04 06:27:55.050 INFO : Starting Map Task task_id = 17_M1 job_id = 17 on Worker worker_id = 3
root - 2020-12-04 06:27:55.118 INFO : Starting Map Task task_id = 18_M1 job_id = 18 on Worker worker_id = 3
root - 2020-12-04 06:27:55.190 INFO : Starting Map Task task_id = 18_M3 job_id = 18 on Worker worker_id = 3
root - 2020-12-04 06:27:55.711 INFO : Ending Reduce Task task_id = 9_R1 job_id = 9 on Worker worker_id = 3
root - 2020-12-04 06:27:55.711 INFO : Ending Reduce Task task_id = 12_R0 job_id = 12 on Worker worker_id = 3
root - 2020-12-04 06:27:56.330 INFO : Starting Map Task task_id = 19_M1 job_id = 19 on Worker worker_id = 3
root - 2020-12-04 06:27:56.579 INFO : Starting Map Task task_id = 20_M0 job_id = 20 on Worker worker_id = 3
root - 2020-12-04 06:27:56.713 INFO : Ending Map Task task_id = 14_M2 job_id = 14 on Worker worker_id = 3
root - 2020-12-04 06:27:56.713 INFO : Ending Map Task task_id = 18_M3 job_id = 18 on Worker worker_id = 3
root - 2020-12-04 06:27:58.070 INFO : Starting Map Task task_id = 21_M0 job_id = 21 on Worker worker_id = 3
root - 2020-12-04 06:27:58.189 INFO : Starting Map Task task_id = 21_M3 job_id = 21 on Worker worker_id = 3
root - 2020-12-04 06:27:58.714 INFO : Ending Map Task task_id = 15_M1 job_id = 15 on Worker worker_id = 3
root - 2020-12-04 06:27:58.714 INFO : Ending Map Task task_id = 16_M3 job_id = 16 on Worker worker_id = 3
root - 2020-12-04 06:27:58.715 INFO : Ending Map Task task_id = 17_M1 job_id = 17 on Worker worker_id = 3
root - 2020-12-04 06:27:58.807 INFO : Starting Reduce Task task_id = 15_R1 job_id = 15 on Worker worker_id = 3
root - 2020-12-04 06:27:59.138 INFO : Starting Map Task task_id = 22_M2 job_id = 22 on Worker worker_id = 3
root - 2020-12-04 06:27:59.716 INFO : Ending Map Task task_id = 16_M0 job_id = 16 on Worker worker_id = 3
root - 2020-12-04 06:27:59.716 INFO : Ending Map Task task_id = 18_M1 job_id = 18 on Worker worker_id = 3
root - 2020-12-04 06:27:59.717 INFO : Ending Map Task task_id = 19_M1 job_id = 19 on Worker worker_id = 3
root - 2020-12-04 06:27:59.717 INFO : Ending Map Task task_id = 21_M0 job_id = 21 on Worker worker_id = 3
root - 2020-12-04 06:27:59.904 INFO : Starting Map Task task_id = 23_M0 job_id = 23 on Worker worker_id = 3
root - 2020-12-04 06:27:59.905 INFO : Starting Map Task task_id = 23_M1 job_id = 23 on Worker worker_id = 3
root - 2020-12-04 06:27:59.905 INFO : Starting Map Task task_id = 23_M2 job_id = 23 on Worker worker_id = 3
root - 2020-12-04 06:27:59.906 INFO : Starting Map Task task_id = 23_M3 job_id = 23 on Worker worker_id = 3
root - 2020-12-04 06:28:00.717 INFO : Ending Map Task task_id = 20_M0 job_id = 20 on Worker worker_id = 3
root - 2020-12-04 06:28:00.718 INFO : Ending Map Task task_id = 21_M3 job_id = 21 on Worker worker_id = 3
root - 2020-12-04 06:28:00.720 INFO : Starting Reduce Task task_id = 20_R0 job_id = 20 on Worker worker_id = 3
root - 2020-12-04 06:28:00.720 INFO : Starting Reduce Task task_id = 20_R1 job_id = 20 on Worker worker_id = 3
root - 2020-12-04 06:28:01.719 INFO : Ending Reduce Task task_id = 15_R1 job_id = 15 on Worker worker_id = 3
root - 2020-12-04 06:28:01.719 INFO : Ending Map Task task_id = 23_M0 job_id = 23 on Worker worker_id = 3
root - 2020-12-04 06:28:01.720 INFO : Ending Map Task task_id = 23_M3 job_id = 23 on Worker worker_id = 3
root - 2020-12-04 06:28:01.743 INFO : Starting Map Task task_id = 26_M0 job_id = 26 on Worker worker_id = 3
root - 2020-12-04 06:28:01.793 INFO : Starting Map Task task_id = 26_M2 job_id = 26 on Worker worker_id = 3
root - 2020-12-04 06:28:02.333 INFO : Starting Map Task task_id = 27_M1 job_id = 27 on Worker worker_id = 3
root - 2020-12-04 06:28:02.672 INFO : Starting Map Task task_id = 28_M0 job_id = 28 on Worker worker_id = 3
root - 2020-12-04 06:28:03.721 INFO : Ending Map Task task_id = 22_M2 job_id = 22 on Worker worker_id = 3
root - 2020-12-04 06:28:03.721 INFO : Ending Map Task task_id = 23_M1 job_id = 23 on Worker worker_id = 3
root - 2020-12-04 06:28:03.748 INFO : Starting Reduce Task task_id = 22_R0 job_id = 22 on Worker worker_id = 3
root - 2020-12-04 06:28:03.828 INFO : Starting Map Task task_id = 29_M1 job_id = 29 on Worker worker_id = 3
root - 2020-12-04 06:28:04.723 INFO : Ending Map Task task_id = 23_M2 job_id = 23 on Worker worker_id = 3
root - 2020-12-04 06:28:04.723 INFO : Ending Reduce Task task_id = 20_R0 job_id = 20 on Worker worker_id = 3
root - 2020-12-04 06:28:04.874 INFO : Starting Map Task task_id = 29_M2 job_id = 29 on Worker worker_id = 3
root - 2020-12-04 06:28:04.910 INFO : Starting Map Task task_id = 29_M3 job_id = 29 on Worker worker_id = 3
root - 2020-12-04 06:28:05.724 INFO : Ending Reduce Task task_id = 20_R1 job_id = 20 on Worker worker_id = 3
root - 2020-12-04 06:28:05.724 INFO : Ending Map Task task_id = 26_M2 job_id = 26 on Worker worker_id = 3
root - 2020-12-04 06:28:05.725 INFO : Ending Map Task task_id = 28_M0 job_id = 28 on Worker worker_id = 3
root - 2020-12-04 06:28:05.725 INFO : Ending Reduce Task task_id = 22_R0 job_id = 22 on Worker worker_id = 3
root - 2020-12-04 06:28:06.726 INFO : Ending Map Task task_id = 26_M0 job_id = 26 on Worker worker_id = 3
root - 2020-12-04 06:28:06.727 INFO : Ending Map Task task_id = 27_M1 job_id = 27 on Worker worker_id = 3
root - 2020-12-04 06:28:06.727 INFO : Ending Map Task task_id = 29_M1 job_id = 29 on Worker worker_id = 3
root - 2020-12-04 06:28:06.832 INFO : Starting Reduce Task task_id = 26_R1 job_id = 26 on Worker worker_id = 3
root - 2020-12-04 06:28:08.728 INFO : Ending Map Task task_id = 29_M2 job_id = 29 on Worker worker_id = 3
root - 2020-12-04 06:28:09.730 INFO : Ending Map Task task_id = 29_M3 job_id = 29 on Worker worker_id = 3
root - 2020-12-04 06:28:09.730 INFO : Ending Reduce Task task_id = 26_R1 job_id = 26 on Worker worker_id = 3
root - 2020-12-04 06:28:09.759 INFO : Starting Reduce Task task_id = 29_R0 job_id = 29 on Worker worker_id = 3
root - 2020-12-04 06:28:13.734 INFO : Ending Reduce Task task_id = 29_R0 job_id = 29 on Worker worker_id = 3
root - 2020-12-04 06:28:28.834 DEBUG : Closing Socket for Master Communication
root - 2020-12-04 06:28:28.834 DEBUG : Ending Worker
