root - 2020-12-04 06:27:40.617 INFO : Starting Map Task task_id = 0_M0 job_id = 0 on Worker worker_id = 1
root - 2020-12-04 06:27:40.730 INFO : Starting Map Task task_id = 1_M1 job_id = 1 on Worker worker_id = 1
root - 2020-12-04 06:27:40.889 INFO : Starting Map Task task_id = 2_M0 job_id = 2 on Worker worker_id = 1
root - 2020-12-04 06:27:43.163 INFO : Ending Map Task task_id = 1_M1 job_id = 1 on Worker worker_id = 1
root - 2020-12-04 06:27:43.312 INFO : Starting Map Task task_id = 5_M0 job_id = 5 on Worker worker_id = 1
root - 2020-12-04 06:27:44.164 INFO : Ending Map Task task_id = 0_M0 job_id = 0 on Worker worker_id = 1
root - 2020-12-04 06:27:44.185 INFO : Starting Reduce Task task_id = 0_R0 job_id = 0 on Worker worker_id = 1
root - 2020-12-04 06:27:45.165 INFO : Ending Map Task task_id = 2_M0 job_id = 2 on Worker worker_id = 1
root - 2020-12-04 06:27:45.193 INFO : Starting Reduce Task task_id = 2_R0 job_id = 2 on Worker worker_id = 1
root - 2020-12-04 06:27:47.168 INFO : Ending Map Task task_id = 5_M0 job_id = 5 on Worker worker_id = 1
root - 2020-12-04 06:27:47.196 INFO : Starting Reduce Task task_id = 1_R0 job_id = 1 on Worker worker_id = 1
root - 2020-12-04 06:27:48.169 INFO : Ending Reduce Task task_id = 2_R0 job_id = 2 on Worker worker_id = 1
root - 2020-12-04 06:27:48.198 INFO : Starting Reduce Task task_id = 4_R0 job_id = 4 on Worker worker_id = 1
root - 2020-12-04 06:27:49.171 INFO : Ending Reduce Task task_id = 0_R0 job_id = 0 on Worker worker_id = 1
root - 2020-12-04 06:27:49.205 INFO : Starting Reduce Task task_id = 6_R0 job_id = 6 on Worker worker_id = 1
root - 2020-12-04 06:27:51.173 INFO : Ending Reduce Task task_id = 1_R0 job_id = 1 on Worker worker_id = 1
root - 2020-12-04 06:27:51.174 INFO : Ending Reduce Task task_id = 6_R0 job_id = 6 on Worker worker_id = 1
root - 2020-12-04 06:27:51.793 INFO : Starting Reduce Task task_id = 11_R0 job_id = 11 on Worker worker_id = 1
root - 2020-12-04 06:27:52.045 INFO : Starting Reduce Task task_id = 10_R0 job_id = 10 on Worker worker_id = 1
root - 2020-12-04 06:27:53.177 INFO : Ending Reduce Task task_id = 4_R0 job_id = 4 on Worker worker_id = 1
root - 2020-12-04 06:27:53.177 INFO : Ending Reduce Task task_id = 11_R0 job_id = 11 on Worker worker_id = 1
root - 2020-12-04 06:27:53.553 INFO : Starting Map Task task_id = 14_M0 job_id = 14 on Worker worker_id = 1
root - 2020-12-04 06:27:54.093 INFO : Starting Map Task task_id = 15_M2 job_id = 15 on Worker worker_id = 1
root - 2020-12-04 06:27:54.179 INFO : Ending Reduce Task task_id = 10_R0 job_id = 10 on Worker worker_id = 1
root - 2020-12-04 06:27:54.869 INFO : Starting Map Task task_id = 16_M1 job_id = 16 on Worker worker_id = 1
root - 2020-12-04 06:27:57.182 INFO : Ending Map Task task_id = 15_M2 job_id = 15 on Worker worker_id = 1
root - 2020-12-04 06:27:57.182 INFO : Ending Map Task task_id = 16_M1 job_id = 16 on Worker worker_id = 1
root - 2020-12-04 06:27:58.117 INFO : Starting Map Task task_id = 21_M1 job_id = 21 on Worker worker_id = 1
root - 2020-12-04 06:27:58.183 INFO : Ending Map Task task_id = 14_M0 job_id = 14 on Worker worker_id = 1
root - 2020-12-04 06:27:59.065 INFO : Starting Map Task task_id = 22_M0 job_id = 22 on Worker worker_id = 1
root - 2020-12-04 06:27:59.791 INFO : Starting Reduce Task task_id = 19_R0 job_id = 19 on Worker worker_id = 1
root - 2020-12-04 06:28:00.185 INFO : Ending Map Task task_id = 21_M1 job_id = 21 on Worker worker_id = 1
root - 2020-12-04 06:28:00.703 INFO : Starting Map Task task_id = 24_M0 job_id = 24 on Worker worker_id = 1
root - 2020-12-04 06:28:01.187 INFO : Ending Map Task task_id = 22_M0 job_id = 22 on Worker worker_id = 1
root - 2020-12-04 06:28:01.287 INFO : Starting Map Task task_id = 25_M0 job_id = 25 on Worker worker_id = 1
root - 2020-12-04 06:28:04.189 INFO : Ending Reduce Task task_id = 19_R0 job_id = 19 on Worker worker_id = 1
root - 2020-12-04 06:28:04.745 INFO : Starting Reduce Task task_id = 23_R0 job_id = 23 on Worker worker_id = 1
root - 2020-12-04 06:28:05.191 INFO : Ending Map Task task_id = 24_M0 job_id = 24 on Worker worker_id = 1
root - 2020-12-04 06:28:05.191 INFO : Ending Map Task task_id = 25_M0 job_id = 25 on Worker worker_id = 1
root - 2020-12-04 06:28:05.212 INFO : Starting Reduce Task task_id = 24_R0 job_id = 24 on Worker worker_id = 1
root - 2020-12-04 06:28:06.192 INFO : Ending Reduce Task task_id = 23_R0 job_id = 23 on Worker worker_id = 1
root - 2020-12-04 06:28:06.868 INFO : Starting Reduce Task task_id = 27_R0 job_id = 27 on Worker worker_id = 1
root - 2020-12-04 06:28:07.211 INFO : Starting Reduce Task task_id = 28_R0 job_id = 28 on Worker worker_id = 1
root - 2020-12-04 06:28:08.195 INFO : Ending Reduce Task task_id = 24_R0 job_id = 24 on Worker worker_id = 1
root - 2020-12-04 06:28:08.195 INFO : Ending Reduce Task task_id = 27_R0 job_id = 27 on Worker worker_id = 1
root - 2020-12-04 06:28:09.790 INFO : Starting Reduce Task task_id = 29_R1 job_id = 29 on Worker worker_id = 1
root - 2020-12-04 06:28:11.198 INFO : Ending Reduce Task task_id = 28_R0 job_id = 28 on Worker worker_id = 1
root - 2020-12-04 06:28:13.200 INFO : Ending Reduce Task task_id = 29_R1 job_id = 29 on Worker worker_id = 1
root - 2020-12-04 06:28:27.342 DEBUG : Closing Socket for Master Communication
root - 2020-12-04 06:28:27.342 DEBUG : Ending Worker
