root - 2020-12-04 06:27:40.653 INFO : Starting Map Task task_id = 0_M1 job_id = 0 on Worker worker_id = 2
root - 2020-12-04 06:27:40.812 INFO : Starting Map Task task_id = 1_M2 job_id = 1 on Worker worker_id = 2
root - 2020-12-04 06:27:40.920 INFO : Starting Map Task task_id = 2_M1 job_id = 2 on Worker worker_id = 2
root - 2020-12-04 06:27:41.937 INFO : Ending Map Task task_id = 2_M1 job_id = 2 on Worker worker_id = 2
root - 2020-12-04 06:27:41.942 INFO : Starting Map Task task_id = 3_M0 job_id = 3 on Worker worker_id = 2
root - 2020-12-04 06:27:42.006 INFO : Starting Map Task task_id = 3_M2 job_id = 3 on Worker worker_id = 2
root - 2020-12-04 06:27:42.489 INFO : Starting Map Task task_id = 4_M1 job_id = 4 on Worker worker_id = 2
root - 2020-12-04 06:27:42.521 INFO : Starting Map Task task_id = 4_M3 job_id = 4 on Worker worker_id = 2
root - 2020-12-04 06:27:42.939 INFO : Ending Map Task task_id = 0_M1 job_id = 0 on Worker worker_id = 2
root - 2020-12-04 06:27:43.348 INFO : Starting Map Task task_id = 5_M1 job_id = 5 on Worker worker_id = 2
root - 2020-12-04 06:27:43.762 INFO : Starting Map Task task_id = 6_M1 job_id = 6 on Worker worker_id = 2
root - 2020-12-04 06:27:43.941 INFO : Ending Map Task task_id = 1_M2 job_id = 1 on Worker worker_id = 2
root - 2020-12-04 06:27:43.941 INFO : Ending Map Task task_id = 4_M1 job_id = 4 on Worker worker_id = 2
root - 2020-12-04 06:27:44.918 INFO : Starting Map Task task_id = 7_M1 job_id = 7 on Worker worker_id = 2
root - 2020-12-04 06:27:44.942 INFO : Ending Map Task task_id = 3_M0 job_id = 3 on Worker worker_id = 2
root - 2020-12-04 06:27:44.943 INFO : Ending Map Task task_id = 3_M2 job_id = 3 on Worker worker_id = 2
root - 2020-12-04 06:27:44.943 INFO : Ending Map Task task_id = 4_M3 job_id = 4 on Worker worker_id = 2
root - 2020-12-04 06:27:44.949 INFO : Starting Map Task task_id = 7_M2 job_id = 7 on Worker worker_id = 2
root - 2020-12-04 06:27:45.010 INFO : Starting Map Task task_id = 7_M3 job_id = 7 on Worker worker_id = 2
root - 2020-12-04 06:27:45.047 INFO : Starting Map Task task_id = 8_M0 job_id = 8 on Worker worker_id = 2
root - 2020-12-04 06:27:45.101 INFO : Starting Map Task task_id = 8_M1 job_id = 8 on Worker worker_id = 2
root - 2020-12-04 06:27:45.944 INFO : Ending Map Task task_id = 5_M1 job_id = 5 on Worker worker_id = 2
root - 2020-12-04 06:27:46.115 INFO : Starting Map Task task_id = 8_M2 job_id = 8 on Worker worker_id = 2
root - 2020-12-04 06:27:47.947 INFO : Ending Map Task task_id = 6_M1 job_id = 6 on Worker worker_id = 2
root - 2020-12-04 06:27:47.947 INFO : Ending Map Task task_id = 7_M1 job_id = 7 on Worker worker_id = 2
root - 2020-12-04 06:27:47.948 INFO : Ending Map Task task_id = 7_M3 job_id = 7 on Worker worker_id = 2
root - 2020-12-04 06:27:48.121 INFO : Starting Map Task task_id = 10_M3 job_id = 10 on Worker worker_id = 2
root - 2020-12-04 06:27:48.122 INFO : Starting Map Task task_id = 12_M0 job_id = 12 on Worker worker_id = 2
root - 2020-12-04 06:27:48.122 INFO : Starting Map Task task_id = 13_M0 job_id = 13 on Worker worker_id = 2
root - 2020-12-04 06:27:48.949 INFO : Ending Map Task task_id = 7_M2 job_id = 7 on Worker worker_id = 2
root - 2020-12-04 06:27:48.950 INFO : Ending Map Task task_id = 8_M2 job_id = 8 on Worker worker_id = 2
root - 2020-12-04 06:27:49.204 INFO : Starting Reduce Task task_id = 5_R0 job_id = 5 on Worker worker_id = 2
root - 2020-12-04 06:27:49.205 INFO : Starting Reduce Task task_id = 7_R0 job_id = 7 on Worker worker_id = 2
root - 2020-12-04 06:27:49.951 INFO : Ending Map Task task_id = 8_M0 job_id = 8 on Worker worker_id = 2
root - 2020-12-04 06:27:49.951 INFO : Ending Map Task task_id = 8_M1 job_id = 8 on Worker worker_id = 2
root - 2020-12-04 06:27:49.952 INFO : Ending Map Task task_id = 13_M0 job_id = 13 on Worker worker_id = 2
root - 2020-12-04 06:27:50.058 INFO : Starting Reduce Task task_id = 8_R0 job_id = 8 on Worker worker_id = 2
root - 2020-12-04 06:27:50.058 INFO : Starting Reduce Task task_id = 13_R0 job_id = 13 on Worker worker_id = 2
root - 2020-12-04 06:27:50.795 INFO : Starting Reduce Task task_id = 9_R0 job_id = 9 on Worker worker_id = 2
root - 2020-12-04 06:27:51.954 INFO : Ending Map Task task_id = 10_M3 job_id = 10 on Worker worker_id = 2
root - 2020-12-04 06:27:51.954 INFO : Ending Reduce Task task_id = 13_R0 job_id = 13 on Worker worker_id = 2
root - 2020-12-04 06:27:52.956 INFO : Ending Map Task task_id = 12_M0 job_id = 12 on Worker worker_id = 2
root - 2020-12-04 06:27:52.956 INFO : Ending Reduce Task task_id = 5_R0 job_id = 5 on Worker worker_id = 2
root - 2020-12-04 06:27:52.956 INFO : Ending Reduce Task task_id = 9_R0 job_id = 9 on Worker worker_id = 2
root - 2020-12-04 06:27:53.082 INFO : Starting Reduce Task task_id = 12_R1 job_id = 12 on Worker worker_id = 2
root - 2020-12-04 06:27:53.591 INFO : Starting Map Task task_id = 14_M1 job_id = 14 on Worker worker_id = 2
root - 2020-12-04 06:27:53.957 INFO : Ending Reduce Task task_id = 7_R0 job_id = 7 on Worker worker_id = 2
root - 2020-12-04 06:27:53.958 INFO : Ending Reduce Task task_id = 8_R0 job_id = 8 on Worker worker_id = 2
root - 2020-12-04 06:27:54.066 INFO : Starting Map Task task_id = 15_M0 job_id = 15 on Worker worker_id = 2
root - 2020-12-04 06:27:54.941 INFO : Starting Map Task task_id = 16_M2 job_id = 16 on Worker worker_id = 2
root - 2020-12-04 06:27:54.959 INFO : Ending Map Task task_id = 14_M1 job_id = 14 on Worker worker_id = 2
root - 2020-12-04 06:27:55.014 INFO : Starting Map Task task_id = 17_M0 job_id = 17 on Worker worker_id = 2
root - 2020-12-04 06:27:55.087 INFO : Starting Map Task task_id = 18_M0 job_id = 18 on Worker worker_id = 2
root - 2020-12-04 06:27:55.154 INFO : Starting Map Task task_id = 18_M2 job_id = 18 on Worker worker_id = 2
root - 2020-12-04 06:27:55.283 INFO : Starting Map Task task_id = 19_M0 job_id = 19 on Worker worker_id = 2
root - 2020-12-04 06:27:55.960 INFO : Ending Map Task task_id = 15_M0 job_id = 15 on Worker worker_id = 2
root - 2020-12-04 06:27:56.595 INFO : Starting Map Task task_id = 20_M1 job_id = 20 on Worker worker_id = 2
root - 2020-12-04 06:27:56.962 INFO : Ending Map Task task_id = 19_M0 job_id = 19 on Worker worker_id = 2
root - 2020-12-04 06:27:57.963 INFO : Ending Reduce Task task_id = 12_R1 job_id = 12 on Worker worker_id = 2
root - 2020-12-04 06:27:57.964 INFO : Ending Map Task task_id = 16_M2 job_id = 16 on Worker worker_id = 2
root - 2020-12-04 06:27:57.965 INFO : Ending Map Task task_id = 18_M2 job_id = 18 on Worker worker_id = 2
root - 2020-12-04 06:27:57.965 INFO : Ending Map Task task_id = 20_M1 job_id = 20 on Worker worker_id = 2
root - 2020-12-04 06:27:58.153 INFO : Starting Map Task task_id = 21_M2 job_id = 21 on Worker worker_id = 2
root - 2020-12-04 06:27:58.251 INFO : Starting Reduce Task task_id = 14_R0 job_id = 14 on Worker worker_id = 2
root - 2020-12-04 06:27:58.766 INFO : Starting Reduce Task task_id = 15_R0 job_id = 15 on Worker worker_id = 2
root - 2020-12-04 06:27:58.966 INFO : Ending Map Task task_id = 17_M0 job_id = 17 on Worker worker_id = 2
root - 2020-12-04 06:27:59.012 INFO : Starting Reduce Task task_id = 17_R0 job_id = 17 on Worker worker_id = 2
root - 2020-12-04 06:27:59.102 INFO : Starting Map Task task_id = 22_M1 job_id = 22 on Worker worker_id = 2
root - 2020-12-04 06:27:59.749 INFO : Starting Reduce Task task_id = 16_R0 job_id = 16 on Worker worker_id = 2
root - 2020-12-04 06:27:59.967 INFO : Ending Map Task task_id = 18_M0 job_id = 18 on Worker worker_id = 2
root - 2020-12-04 06:27:59.968 INFO : Ending Reduce Task task_id = 15_R0 job_id = 15 on Worker worker_id = 2
root - 2020-12-04 06:28:00.034 INFO : Starting Reduce Task task_id = 18_R0 job_id = 18 on Worker worker_id = 2
root - 2020-12-04 06:28:00.719 INFO : Starting Map Task task_id = 24_M1 job_id = 24 on Worker worker_id = 2
root - 2020-12-04 06:28:00.969 INFO : Ending Map Task task_id = 21_M2 job_id = 21 on Worker worker_id = 2
root - 2020-12-04 06:28:00.969 INFO : Ending Reduce Task task_id = 14_R0 job_id = 14 on Worker worker_id = 2
root - 2020-12-04 06:28:00.970 INFO : Ending Reduce Task task_id = 17_R0 job_id = 17 on Worker worker_id = 2
root - 2020-12-04 06:28:00.970 INFO : Ending Map Task task_id = 22_M1 job_id = 22 on Worker worker_id = 2
root - 2020-12-04 06:28:01.017 INFO : Starting Reduce Task task_id = 21_R0 job_id = 21 on Worker worker_id = 2
root - 2020-12-04 06:28:01.766 INFO : Starting Map Task task_id = 26_M1 job_id = 26 on Worker worker_id = 2
root - 2020-12-04 06:28:01.829 INFO : Starting Map Task task_id = 26_M3 job_id = 26 on Worker worker_id = 2
root - 2020-12-04 06:28:01.971 INFO : Ending Map Task task_id = 24_M1 job_id = 24 on Worker worker_id = 2
root - 2020-12-04 06:28:02.302 INFO : Starting Map Task task_id = 27_M0 job_id = 27 on Worker worker_id = 2
root - 2020-12-04 06:28:02.703 INFO : Starting Map Task task_id = 28_M1 job_id = 28 on Worker worker_id = 2
root - 2020-12-04 06:28:02.972 INFO : Ending Reduce Task task_id = 18_R0 job_id = 18 on Worker worker_id = 2
root - 2020-12-04 06:28:02.973 INFO : Ending Reduce Task task_id = 21_R0 job_id = 21 on Worker worker_id = 2
root - 2020-12-04 06:28:02.973 INFO : Ending Map Task task_id = 26_M1 job_id = 26 on Worker worker_id = 2
root - 2020-12-04 06:28:03.748 INFO : Starting Map Task task_id = 28_M2 job_id = 28 on Worker worker_id = 2
root - 2020-12-04 06:28:03.754 INFO : Starting Map Task task_id = 28_M3 job_id = 28 on Worker worker_id = 2
root - 2020-12-04 06:28:03.790 INFO : Starting Map Task task_id = 29_M0 job_id = 29 on Worker worker_id = 2
root - 2020-12-04 06:28:03.974 INFO : Ending Reduce Task task_id = 16_R0 job_id = 16 on Worker worker_id = 2
root - 2020-12-04 06:28:04.745 INFO : Starting Reduce Task task_id = 23_R1 job_id = 23 on Worker worker_id = 2
root - 2020-12-04 06:28:04.975 INFO : Ending Map Task task_id = 26_M3 job_id = 26 on Worker worker_id = 2
root - 2020-12-04 06:28:04.976 INFO : Ending Map Task task_id = 28_M2 job_id = 28 on Worker worker_id = 2
root - 2020-12-04 06:28:04.976 INFO : Ending Map Task task_id = 29_M0 job_id = 29 on Worker worker_id = 2
root - 2020-12-04 06:28:05.213 INFO : Starting Reduce Task task_id = 25_R0 job_id = 25 on Worker worker_id = 2
root - 2020-12-04 06:28:05.977 INFO : Ending Map Task task_id = 27_M0 job_id = 27 on Worker worker_id = 2
root - 2020-12-04 06:28:06.776 INFO : Starting Reduce Task task_id = 26_R0 job_id = 26 on Worker worker_id = 2
root - 2020-12-04 06:28:06.899 INFO : Starting Reduce Task task_id = 27_R1 job_id = 27 on Worker worker_id = 2
root - 2020-12-04 06:28:06.979 INFO : Ending Map Task task_id = 28_M1 job_id = 28 on Worker worker_id = 2
root - 2020-12-04 06:28:06.979 INFO : Ending Map Task task_id = 28_M3 job_id = 28 on Worker worker_id = 2
root - 2020-12-04 06:28:06.980 INFO : Ending Reduce Task task_id = 25_R0 job_id = 25 on Worker worker_id = 2
root - 2020-12-04 06:28:07.981 INFO : Ending Reduce Task task_id = 27_R1 job_id = 27 on Worker worker_id = 2
root - 2020-12-04 06:28:08.982 INFO : Ending Reduce Task task_id = 23_R1 job_id = 23 on Worker worker_id = 2
root - 2020-12-04 06:28:10.984 INFO : Ending Reduce Task task_id = 26_R0 job_id = 26 on Worker worker_id = 2
root - 2020-12-04 06:28:27.914 DEBUG : Closing Socket for Master Communication
root - 2020-12-04 06:28:27.914 DEBUG : Ending Worker
