root - 2020-12-01 10:24:25.034 DEBUG : Binding Socket to listen to jobs
root - 2020-12-01 10:24:25.034 DEBUG : Binding socket to listen to Workers
root - 2020-12-01 10:24:25.035 INFO : Using Scheduler = LL
root - 2020-12-01 10:24:43.415 INFO : Arrival Job job_id = 0
root - 2020-12-01 10:24:43.415 INFO : Starting Job job_id = 0
root - 2020-12-01 10:24:43.415 INFO : Starting Map Task task_id = 0_M0 job_id = 0 on Worker worker_id = 2
root - 2020-12-01 10:24:43.415 INFO : Starting Map Task task_id = 0_M1 job_id = 0 on Worker worker_id = 2
root - 2020-12-01 10:24:43.415 INFO : Starting Map Task task_id = 0_M2 job_id = 0 on Worker worker_id = 2
root - 2020-12-01 10:24:43.416 INFO : Starting Map Task task_id = 0_M3 job_id = 0 on Worker worker_id = 2
root - 2020-12-01 10:24:44.699 INFO : Arrival Job job_id = 1
root - 2020-12-01 10:24:44.699 INFO : Starting Job job_id = 1
root - 2020-12-01 10:24:44.700 INFO : Starting Map Task task_id = 1_M0 job_id = 1 on Worker worker_id = 2
root - 2020-12-01 10:24:44.700 INFO : Starting Map Task task_id = 1_M1 job_id = 1 on Worker worker_id = 2
root - 2020-12-01 10:24:44.701 INFO : Starting Map Task task_id = 1_M2 job_id = 1 on Worker worker_id = 1
root - 2020-12-01 10:24:44.701 INFO : Starting Map Task task_id = 1_M3 job_id = 1 on Worker worker_id = 2
root - 2020-12-01 10:24:44.701 DEBUG : Full
root - 2020-12-01 10:24:44.874 INFO : Ending Map task task_id = 0_M0 job_id = 0
root - 2020-12-01 10:24:45.703 INFO : Arrival Job job_id = 2
root - 2020-12-01 10:24:45.703 INFO : Starting Job job_id = 2
root - 2020-12-01 10:24:45.704 INFO : Starting Map Task task_id = 2_M0 job_id = 2 on Worker worker_id = 2
root - 2020-12-01 10:24:45.704 DEBUG : Full
root - 2020-12-01 10:24:45.876 INFO : Ending Map task task_id = 0_M1 job_id = 0
root - 2020-12-01 10:24:45.876 INFO : Starting Map Task task_id = 2_M1 job_id = 2 on Worker worker_id = 2
root - 2020-12-01 10:24:45.876 DEBUG : Full
root - 2020-12-01 10:24:46.706 INFO : Arrival Job job_id = 3
root - 2020-12-01 10:24:46.706 DEBUG : Full
root - 2020-12-01 10:24:46.878 INFO : Ending Map task task_id = 1_M3 job_id = 1
root - 2020-12-01 10:24:46.878 INFO : Starting Map Task task_id = 2_M2 job_id = 2 on Worker worker_id = 2
root - 2020-12-01 10:24:46.878 DEBUG : Full
root - 2020-12-01 10:24:47.707 INFO : Arrival Job job_id = 4
root - 2020-12-01 10:24:47.708 DEBUG : Full
root - 2020-12-01 10:24:47.879 INFO : Ending Map task task_id = 0_M3 job_id = 0
root - 2020-12-01 10:24:47.880 INFO : Starting Job job_id = 3
root - 2020-12-01 10:24:47.880 INFO : Starting Map Task task_id = 3_M0 job_id = 3 on Worker worker_id = 2
root - 2020-12-01 10:24:47.880 DEBUG : Full
root - 2020-12-01 10:24:48.709 INFO : Arrival Job job_id = 5
root - 2020-12-01 10:24:48.710 DEBUG : Full
root - 2020-12-01 10:24:48.882 INFO : Ending Map task task_id = 0_M2 job_id = 0
root - 2020-12-01 10:24:48.882 INFO : Starting Map Task task_id = 3_M1 job_id = 3 on Worker worker_id = 2
root - 2020-12-01 10:24:48.882 DEBUG : Full
root - 2020-12-01 10:24:49.711 INFO : Arrival Job job_id = 6
root - 2020-12-01 10:24:49.711 DEBUG : Full
root - 2020-12-01 10:24:49.883 INFO : Ending Map task task_id = 1_M0 job_id = 1
root - 2020-12-01 10:24:49.884 INFO : Starting Map Task task_id = 3_M2 job_id = 3 on Worker worker_id = 2
root - 2020-12-01 10:24:49.884 DEBUG : Full
root - 2020-12-01 10:24:50.713 INFO : Arrival Job job_id = 7
root - 2020-12-01 10:24:50.713 DEBUG : Full
root - 2020-12-01 10:24:50.885 INFO : Ending Map task task_id = 1_M2 job_id = 1
root - 2020-12-01 10:24:50.885 INFO : Starting Job job_id = 4
root - 2020-12-01 10:24:50.886 INFO : Starting Map Task task_id = 4_M0 job_id = 4 on Worker worker_id = 1
root - 2020-12-01 10:24:50.886 DEBUG : Full
root - 2020-12-01 10:24:51.715 INFO : Arrival Job job_id = 8
root - 2020-12-01 10:24:51.715 DEBUG : Full
root - 2020-12-01 10:24:51.887 INFO : Ending Map task task_id = 1_M1 job_id = 1
root - 2020-12-01 10:24:51.888 INFO : Starting Map Task task_id = 4_M1 job_id = 4 on Worker worker_id = 2
root - 2020-12-01 10:24:51.889 DEBUG : Full
root - 2020-12-01 10:24:52.717 INFO : Arrival Job job_id = 9
root - 2020-12-01 10:24:52.717 DEBUG : Full
root - 2020-12-01 10:24:52.890 INFO : Ending Map task task_id = 2_M0 job_id = 2
root - 2020-12-01 10:24:52.891 INFO : Starting Job job_id = 5
root - 2020-12-01 10:24:52.891 INFO : Starting Map Task task_id = 5_M0 job_id = 5 on Worker worker_id = 2
root - 2020-12-01 10:24:52.891 DEBUG : Full
root - 2020-12-01 10:24:53.719 INFO : Arrival Job job_id = 10
root - 2020-12-01 10:24:53.719 DEBUG : Full
root - 2020-12-01 10:24:53.892 INFO : Ending Map task task_id = 3_M0 job_id = 3
root - 2020-12-01 10:24:53.893 INFO : Starting Map Task task_id = 5_M1 job_id = 5 on Worker worker_id = 2
root - 2020-12-01 10:24:53.893 DEBUG : Full
root - 2020-12-01 10:24:54.720 INFO : Arrival Job job_id = 11
root - 2020-12-01 10:24:54.720 DEBUG : Full
root - 2020-12-01 10:24:54.895 INFO : Ending Map task task_id = 2_M1 job_id = 2
root - 2020-12-01 10:24:54.896 INFO : Starting Map Task task_id = 5_M2 job_id = 5 on Worker worker_id = 2
root - 2020-12-01 10:24:54.896 DEBUG : Full
root - 2020-12-01 10:24:55.722 INFO : Arrival Job job_id = 12
root - 2020-12-01 10:24:55.722 DEBUG : Full
root - 2020-12-01 10:24:55.897 INFO : Ending Map task task_id = 2_M2 job_id = 2
root - 2020-12-01 10:24:55.898 INFO : Starting Reduce Task task_id = 0_R0 job_id = 0 on Worker worker_id = 2
root - 2020-12-01 10:24:55.898 DEBUG : Full
root - 2020-12-01 10:24:56.723 INFO : Arrival Job job_id = 13
root - 2020-12-01 10:24:56.724 DEBUG : Full
root - 2020-12-01 10:24:56.899 INFO : Ending Map task task_id = 4_M0 job_id = 4
root - 2020-12-01 10:24:56.900 INFO : Starting Job job_id = 6
root - 2020-12-01 10:24:56.900 INFO : Starting Map Task task_id = 6_M0 job_id = 6 on Worker worker_id = 1
root - 2020-12-01 10:24:56.900 DEBUG : Full
root - 2020-12-01 10:24:57.725 INFO : Arrival Job job_id = 14
root - 2020-12-01 10:24:57.726 DEBUG : Full
root - 2020-12-01 10:24:57.902 INFO : Ending Map task task_id = 3_M1 job_id = 3
root - 2020-12-01 10:24:57.903 INFO : Starting Map Task task_id = 6_M1 job_id = 6 on Worker worker_id = 2
root - 2020-12-01 10:24:57.903 DEBUG : Full
root - 2020-12-01 10:24:58.727 INFO : Arrival Job job_id = 15
root - 2020-12-01 10:24:58.727 DEBUG : Full
root - 2020-12-01 10:24:58.904 INFO : Ending Map task task_id = 3_M2 job_id = 3
root - 2020-12-01 10:24:58.905 INFO : Starting Map Task task_id = 6_M2 job_id = 6 on Worker worker_id = 2
root - 2020-12-01 10:24:58.905 DEBUG : Full
root - 2020-12-01 10:24:59.728 INFO : Arrival Job job_id = 16
root - 2020-12-01 10:24:59.728 DEBUG : Full
root - 2020-12-01 10:24:59.906 INFO : Ending Map task task_id = 4_M1 job_id = 4
root - 2020-12-01 10:24:59.906 INFO : Starting Map Task task_id = 6_M3 job_id = 6 on Worker worker_id = 2
root - 2020-12-01 10:24:59.907 DEBUG : Full
root - 2020-12-01 10:25:00.730 INFO : Arrival Job job_id = 17
root - 2020-12-01 10:25:00.730 DEBUG : Full
root - 2020-12-01 10:25:00.909 INFO : Ending Map task task_id = 5_M2 job_id = 5
root - 2020-12-01 10:25:00.909 INFO : Starting Job job_id = 7
root - 2020-12-01 10:25:00.910 INFO : Starting Map Task task_id = 7_M0 job_id = 7 on Worker worker_id = 2
root - 2020-12-01 10:25:00.910 DEBUG : Full
root - 2020-12-01 10:25:01.731 INFO : Arrival Job job_id = 18
root - 2020-12-01 10:25:01.731 DEBUG : Full
root - 2020-12-01 10:25:01.911 INFO : Ending Map task task_id = 5_M0 job_id = 5
root - 2020-12-01 10:25:01.912 INFO : Starting Map Task task_id = 7_M1 job_id = 7 on Worker worker_id = 2
root - 2020-12-01 10:25:01.912 DEBUG : Full
root - 2020-12-01 10:25:02.913 INFO : Ending Map task task_id = 5_M1 job_id = 5
root - 2020-12-01 10:25:02.913 INFO : Starting Job job_id = 8
root - 2020-12-01 10:25:02.914 INFO : Starting Map Task task_id = 8_M0 job_id = 8 on Worker worker_id = 2
root - 2020-12-01 10:25:02.914 DEBUG : Full
root - 2020-12-01 10:25:03.915 INFO : Ending Reduce task task_id = 0_R0 job_id = 0
root - 2020-12-01 10:25:03.915 INFO : Ending Job job_id = 0
root - 2020-12-01 10:25:03.915 INFO : Starting Map Task task_id = 8_M1 job_id = 8 on Worker worker_id = 2
root - 2020-12-01 10:25:03.915 DEBUG : Full
root - 2020-12-01 10:25:04.329 INFO : Arrival Job job_id = 19
root - 2020-12-01 10:25:04.329 DEBUG : Full
root - 2020-12-01 10:25:04.917 INFO : Ending Map task task_id = 6_M0 job_id = 6
root - 2020-12-01 10:25:04.917 INFO : Starting Map Task task_id = 8_M2 job_id = 8 on Worker worker_id = 1
root - 2020-12-01 10:25:04.918 DEBUG : Full
root - 2020-12-01 10:25:05.331 INFO : Arrival Job job_id = 20
root - 2020-12-01 10:25:05.331 DEBUG : Full
root - 2020-12-01 10:25:05.919 INFO : Ending Map task task_id = 6_M1 job_id = 6
root - 2020-12-01 10:25:05.920 INFO : Starting Reduce Task task_id = 1_R0 job_id = 1 on Worker worker_id = 2
root - 2020-12-01 10:25:05.920 DEBUG : Full
root - 2020-12-01 10:25:06.332 INFO : Arrival Job job_id = 21
root - 2020-12-01 10:25:06.332 DEBUG : Full
root - 2020-12-01 10:25:06.921 INFO : Ending Map task task_id = 6_M2 job_id = 6
root - 2020-12-01 10:25:06.922 INFO : Starting Reduce Task task_id = 1_R1 job_id = 1 on Worker worker_id = 2
root - 2020-12-01 10:25:06.922 DEBUG : Full
root - 2020-12-01 10:25:07.334 INFO : Arrival Job job_id = 22
root - 2020-12-01 10:25:07.334 DEBUG : Full
root - 2020-12-01 10:25:07.923 INFO : Ending Map task task_id = 6_M3 job_id = 6
root - 2020-12-01 10:25:07.924 INFO : Starting Job job_id = 9
root - 2020-12-01 10:25:07.925 INFO : Starting Map Task task_id = 9_M0 job_id = 9 on Worker worker_id = 2
root - 2020-12-01 10:25:07.925 DEBUG : Full
root - 2020-12-01 10:25:08.335 INFO : Arrival Job job_id = 23
root - 2020-12-01 10:25:08.335 DEBUG : Full
root - 2020-12-01 10:25:08.927 INFO : Ending Map task task_id = 7_M0 job_id = 7
root - 2020-12-01 10:25:08.927 INFO : Starting Map Task task_id = 9_M1 job_id = 9 on Worker worker_id = 2
root - 2020-12-01 10:25:08.927 DEBUG : Full
root - 2020-12-01 10:25:09.337 INFO : Arrival Job job_id = 24
root - 2020-12-01 10:25:09.337 DEBUG : Full
root - 2020-12-01 10:25:09.929 INFO : Ending Map task task_id = 7_M1 job_id = 7
root - 2020-12-01 10:25:09.929 INFO : Starting Job job_id = 10
root - 2020-12-01 10:25:09.929 INFO : Starting Map Task task_id = 10_M0 job_id = 10 on Worker worker_id = 2
root - 2020-12-01 10:25:09.930 DEBUG : Full
root - 2020-12-01 10:25:10.522 INFO : Arrival Job job_id = 25
root - 2020-12-01 10:25:10.522 DEBUG : Full
root - 2020-12-01 10:25:10.931 INFO : Ending Map task task_id = 8_M1 job_id = 8
root - 2020-12-01 10:25:10.931 INFO : Starting Map Task task_id = 10_M1 job_id = 10 on Worker worker_id = 2
root - 2020-12-01 10:25:10.931 DEBUG : Full
root - 2020-12-01 10:25:11.524 INFO : Arrival Job job_id = 26
root - 2020-12-01 10:25:11.524 DEBUG : Full
root - 2020-12-01 10:25:11.933 INFO : Ending Map task task_id = 8_M0 job_id = 8
root - 2020-12-01 10:25:11.934 INFO : Starting Map Task task_id = 10_M2 job_id = 10 on Worker worker_id = 2
root - 2020-12-01 10:25:11.934 DEBUG : Full
root - 2020-12-01 10:25:12.935 INFO : Ending Reduce task task_id = 1_R0 job_id = 1
root - 2020-12-01 10:25:12.935 INFO : Starting Job job_id = 11
root - 2020-12-01 10:25:12.935 INFO : Starting Map Task task_id = 11_M0 job_id = 11 on Worker worker_id = 2
root - 2020-12-01 10:25:12.935 DEBUG : Full
root - 2020-12-01 10:25:13.346 INFO : Arrival Job job_id = 27
root - 2020-12-01 10:25:13.347 DEBUG : Full
root - 2020-12-01 10:25:13.937 INFO : Ending Reduce task task_id = 1_R1 job_id = 1
root - 2020-12-01 10:25:13.937 INFO : Ending Job job_id = 1
root - 2020-12-01 10:25:13.937 INFO : Starting Job job_id = 12
root - 2020-12-01 10:25:13.937 INFO : Starting Map Task task_id = 12_M0 job_id = 12 on Worker worker_id = 2
root - 2020-12-01 10:25:13.937 DEBUG : Full
root - 2020-12-01 10:25:14.348 INFO : Arrival Job job_id = 28
root - 2020-12-01 10:25:14.348 DEBUG : Full
root - 2020-12-01 10:25:14.939 INFO : Ending Map task task_id = 8_M2 job_id = 8
root - 2020-12-01 10:25:14.939 INFO : Starting Reduce Task task_id = 2_R0 job_id = 2 on Worker worker_id = 1
root - 2020-12-01 10:25:14.939 DEBUG : Full
root - 2020-12-01 10:25:15.350 INFO : Arrival Job job_id = 29
root - 2020-12-01 10:25:15.350 DEBUG : Full
root - 2020-12-01 10:25:15.940 INFO : Ending Map task task_id = 9_M0 job_id = 9
root - 2020-12-01 10:25:15.941 INFO : Starting Job job_id = 13
root - 2020-12-01 10:25:15.941 INFO : Starting Map Task task_id = 13_M0 job_id = 13 on Worker worker_id = 2
root - 2020-12-01 10:25:15.941 DEBUG : Full
root - 2020-12-01 10:25:16.942 INFO : Ending Map task task_id = 10_M0 job_id = 10
root - 2020-12-01 10:25:16.943 INFO : Starting Job job_id = 14
root - 2020-12-01 10:25:16.943 INFO : Starting Map Task task_id = 14_M0 job_id = 14 on Worker worker_id = 2
root - 2020-12-01 10:25:16.943 DEBUG : Full
root - 2020-12-01 10:25:17.944 INFO : Ending Map task task_id = 9_M1 job_id = 9
root - 2020-12-01 10:25:17.945 INFO : Starting Map Task task_id = 14_M1 job_id = 14 on Worker worker_id = 2
root - 2020-12-01 10:25:17.945 DEBUG : Full
root - 2020-12-01 10:25:18.946 INFO : Ending Map task task_id = 10_M1 job_id = 10
root - 2020-12-01 10:25:18.946 INFO : Starting Job job_id = 15
root - 2020-12-01 10:25:18.946 INFO : Starting Map Task task_id = 15_M0 job_id = 15 on Worker worker_id = 2
root - 2020-12-01 10:25:18.947 DEBUG : Full
root - 2020-12-01 10:25:19.948 INFO : Ending Map task task_id = 12_M0 job_id = 12
root - 2020-12-01 10:25:19.948 INFO : Starting Map Task task_id = 15_M1 job_id = 15 on Worker worker_id = 2
root - 2020-12-01 10:25:19.948 DEBUG : Full
root - 2020-12-01 10:25:20.950 INFO : Ending Map task task_id = 10_M2 job_id = 10
root - 2020-12-01 10:25:20.950 INFO : Starting Reduce Task task_id = 3_R0 job_id = 3 on Worker worker_id = 2
root - 2020-12-01 10:25:20.950 DEBUG : Full
root - 2020-12-01 10:25:21.951 INFO : Ending Reduce task task_id = 2_R0 job_id = 2
root - 2020-12-01 10:25:21.951 INFO : Ending Job job_id = 2
root - 2020-12-01 10:25:21.952 INFO : Starting Reduce Task task_id = 3_R1 job_id = 3 on Worker worker_id = 1
root - 2020-12-01 10:25:21.952 DEBUG : Full
root - 2020-12-01 10:25:22.953 INFO : Ending Map task task_id = 11_M0 job_id = 11
root - 2020-12-01 10:25:22.953 INFO : Starting Job job_id = 16
root - 2020-12-01 10:25:22.954 INFO : Starting Map Task task_id = 16_M0 job_id = 16 on Worker worker_id = 2
root - 2020-12-01 10:25:22.954 DEBUG : Full
root - 2020-12-01 10:25:23.955 INFO : Ending Map task task_id = 13_M0 job_id = 13
root - 2020-12-01 10:25:23.955 INFO : Starting Map Task task_id = 16_M1 job_id = 16 on Worker worker_id = 2
root - 2020-12-01 10:25:23.955 DEBUG : Full
root - 2020-12-01 10:25:24.957 INFO : Ending Map task task_id = 14_M0 job_id = 14
root - 2020-12-01 10:25:24.958 INFO : Starting Map Task task_id = 16_M2 job_id = 16 on Worker worker_id = 2
root - 2020-12-01 10:25:24.958 DEBUG : Full
root - 2020-12-01 10:25:25.959 INFO : Ending Map task task_id = 14_M1 job_id = 14
root - 2020-12-01 10:25:25.959 INFO : Starting Map Task task_id = 16_M3 job_id = 16 on Worker worker_id = 2
root - 2020-12-01 10:25:25.960 DEBUG : Full
root - 2020-12-01 10:25:26.961 INFO : Ending Map task task_id = 15_M1 job_id = 15
root - 2020-12-01 10:25:26.962 INFO : Starting Reduce Task task_id = 4_R0 job_id = 4 on Worker worker_id = 2
root - 2020-12-01 10:25:26.962 DEBUG : Full
root - 2020-12-01 10:25:27.963 INFO : Ending Map task task_id = 15_M0 job_id = 15
root - 2020-12-01 10:25:27.963 INFO : Starting Job job_id = 17
root - 2020-12-01 10:25:27.964 INFO : Starting Map Task task_id = 17_M0 job_id = 17 on Worker worker_id = 2
root - 2020-12-01 10:25:27.964 DEBUG : Full
root - 2020-12-01 10:25:28.965 INFO : Ending Reduce task task_id = 3_R1 job_id = 3
root - 2020-12-01 10:25:28.965 INFO : Starting Job job_id = 18
root - 2020-12-01 10:25:28.965 INFO : Starting Map Task task_id = 18_M0 job_id = 18 on Worker worker_id = 1
root - 2020-12-01 10:25:28.966 DEBUG : Full
root - 2020-12-01 10:25:29.967 INFO : Ending Reduce task task_id = 3_R0 job_id = 3
root - 2020-12-01 10:25:29.967 INFO : Ending Job job_id = 3
root - 2020-12-01 10:25:29.968 INFO : Starting Reduce Task task_id = 5_R0 job_id = 5 on Worker worker_id = 2
root - 2020-12-01 10:25:29.968 DEBUG : Full
root - 2020-12-01 10:25:30.969 INFO : Ending Map task task_id = 16_M0 job_id = 16
root - 2020-12-01 10:25:30.970 INFO : Starting Reduce Task task_id = 5_R1 job_id = 5 on Worker worker_id = 2
root - 2020-12-01 10:25:30.970 DEBUG : Full
root - 2020-12-01 10:25:31.971 INFO : Ending Map task task_id = 16_M1 job_id = 16
root - 2020-12-01 10:25:31.972 INFO : Starting Job job_id = 19
root - 2020-12-01 10:25:31.972 INFO : Starting Map Task task_id = 19_M0 job_id = 19 on Worker worker_id = 2
root - 2020-12-01 10:25:31.972 DEBUG : Full
root - 2020-12-01 10:25:32.973 INFO : Ending Map task task_id = 16_M2 job_id = 16
root - 2020-12-01 10:25:32.974 INFO : Starting Map Task task_id = 19_M1 job_id = 19 on Worker worker_id = 2
root - 2020-12-01 10:25:32.974 DEBUG : Full
root - 2020-12-01 10:25:33.975 INFO : Ending Map task task_id = 17_M0 job_id = 17
root - 2020-12-01 10:25:33.976 INFO : Starting Map Task task_id = 19_M2 job_id = 19 on Worker worker_id = 2
root - 2020-12-01 10:25:33.976 DEBUG : Full
root - 2020-12-01 10:25:34.978 INFO : Ending Map task task_id = 16_M3 job_id = 16
root - 2020-12-01 10:25:34.978 INFO : Starting Job job_id = 20
root - 2020-12-01 10:25:34.979 INFO : Starting Map Task task_id = 20_M0 job_id = 20 on Worker worker_id = 2
root - 2020-12-01 10:25:34.979 DEBUG : Full
root - 2020-12-01 10:25:35.981 INFO : Ending Map task task_id = 18_M0 job_id = 18
root - 2020-12-01 10:25:35.982 INFO : Starting Map Task task_id = 20_M1 job_id = 20 on Worker worker_id = 1
root - 2020-12-01 10:25:35.982 DEBUG : Full
root - 2020-12-01 10:25:36.983 INFO : Ending Reduce task task_id = 4_R0 job_id = 4
root - 2020-12-01 10:25:36.983 INFO : Ending Job job_id = 4
root - 2020-12-01 10:25:36.983 INFO : Starting Job job_id = 21
root - 2020-12-01 10:25:36.984 INFO : Starting Map Task task_id = 21_M0 job_id = 21 on Worker worker_id = 2
root - 2020-12-01 10:25:36.984 DEBUG : Full
root - 2020-12-01 10:25:37.985 INFO : Ending Reduce task task_id = 5_R1 job_id = 5
root - 2020-12-01 10:25:37.985 INFO : Starting Map Task task_id = 21_M1 job_id = 21 on Worker worker_id = 2
root - 2020-12-01 10:25:37.985 DEBUG : Full
root - 2020-12-01 10:25:38.986 INFO : Ending Reduce task task_id = 5_R0 job_id = 5
root - 2020-12-01 10:25:38.987 INFO : Ending Job job_id = 5
root - 2020-12-01 10:25:38.987 INFO : Starting Map Task task_id = 21_M2 job_id = 21 on Worker worker_id = 2
root - 2020-12-01 10:25:38.987 DEBUG : Full
root - 2020-12-01 10:25:39.989 INFO : Ending Map task task_id = 19_M0 job_id = 19
root - 2020-12-01 10:25:39.989 INFO : Starting Job job_id = 22
root - 2020-12-01 10:25:39.989 INFO : Starting Map Task task_id = 22_M0 job_id = 22 on Worker worker_id = 2
root - 2020-12-01 10:25:39.989 DEBUG : Full
root - 2020-12-01 10:25:40.991 INFO : Ending Map task task_id = 20_M1 job_id = 20
root - 2020-12-01 10:25:40.991 INFO : Starting Map Task task_id = 22_M1 job_id = 22 on Worker worker_id = 1
root - 2020-12-01 10:25:40.991 DEBUG : Full
root - 2020-12-01 10:25:41.993 INFO : Ending Map task task_id = 19_M1 job_id = 19
root - 2020-12-01 10:25:41.993 INFO : Starting Reduce Task task_id = 6_R0 job_id = 6 on Worker worker_id = 2
root - 2020-12-01 10:25:41.993 DEBUG : Full
root - 2020-12-01 10:25:42.995 INFO : Ending Map task task_id = 19_M2 job_id = 19
root - 2020-12-01 10:25:42.995 INFO : Starting Job job_id = 23
root - 2020-12-01 10:25:42.995 INFO : Starting Map Task task_id = 23_M0 job_id = 23 on Worker worker_id = 2
root - 2020-12-01 10:25:42.996 DEBUG : Full
root - 2020-12-01 10:25:43.997 INFO : Ending Map task task_id = 20_M0 job_id = 20
root - 2020-12-01 10:25:43.998 INFO : Starting Map Task task_id = 23_M1 job_id = 23 on Worker worker_id = 2
root - 2020-12-01 10:25:43.998 DEBUG : Full
root - 2020-12-01 10:25:44.999 INFO : Ending Map task task_id = 21_M0 job_id = 21
root - 2020-12-01 10:25:45.000 INFO : Starting Map Task task_id = 23_M2 job_id = 23 on Worker worker_id = 2
root - 2020-12-01 10:25:45.000 DEBUG : Full
root - 2020-12-01 10:25:46.001 INFO : Ending Map task task_id = 21_M1 job_id = 21
root - 2020-12-01 10:25:46.002 INFO : Starting Map Task task_id = 23_M3 job_id = 23 on Worker worker_id = 2
root - 2020-12-01 10:25:46.002 DEBUG : Full
root - 2020-12-01 10:25:47.004 INFO : Ending Map task task_id = 21_M2 job_id = 21
root - 2020-12-01 10:25:47.004 INFO : Starting Job job_id = 24
root - 2020-12-01 10:25:47.004 INFO : Starting Map Task task_id = 24_M0 job_id = 24 on Worker worker_id = 2
root - 2020-12-01 10:25:47.005 DEBUG : Full
root - 2020-12-01 10:25:48.006 INFO : Ending Map task task_id = 22_M0 job_id = 22
root - 2020-12-01 10:25:48.007 INFO : Starting Map Task task_id = 24_M1 job_id = 24 on Worker worker_id = 2
root - 2020-12-01 10:25:48.007 DEBUG : Full
root - 2020-12-01 10:25:49.007 INFO : Ending Reduce task task_id = 6_R0 job_id = 6
root - 2020-12-01 10:25:49.007 INFO : Ending Job job_id = 6
root - 2020-12-01 10:25:49.008 INFO : Starting Map Task task_id = 24_M2 job_id = 24 on Worker worker_id = 2
root - 2020-12-01 10:25:49.008 DEBUG : Full
root - 2020-12-01 10:25:50.009 INFO : Ending Map task task_id = 23_M0 job_id = 23
root - 2020-12-01 10:25:50.010 INFO : Starting Map Task task_id = 24_M3 job_id = 24 on Worker worker_id = 2
root - 2020-12-01 10:25:50.010 DEBUG : Full
root - 2020-12-01 10:25:51.011 INFO : Ending Map task task_id = 22_M1 job_id = 22
root - 2020-12-01 10:25:51.012 INFO : Starting Reduce Task task_id = 7_R0 job_id = 7 on Worker worker_id = 1
root - 2020-12-01 10:25:51.012 DEBUG : Full
root - 2020-12-01 10:25:52.014 INFO : Ending Map task task_id = 23_M2 job_id = 23
root - 2020-12-01 10:25:52.014 INFO : Starting Job job_id = 25
root - 2020-12-01 10:25:52.015 INFO : Starting Map Task task_id = 25_M0 job_id = 25 on Worker worker_id = 2
root - 2020-12-01 10:25:52.015 DEBUG : Full
root - 2020-12-01 10:25:53.016 INFO : Ending Map task task_id = 23_M1 job_id = 23
root - 2020-12-01 10:25:53.017 INFO : Starting Map Task task_id = 25_M1 job_id = 25 on Worker worker_id = 2
root - 2020-12-01 10:25:53.018 DEBUG : Full
root - 2020-12-01 10:25:54.020 INFO : Ending Map task task_id = 23_M3 job_id = 23
root - 2020-12-01 10:25:54.021 INFO : Starting Job job_id = 26
root - 2020-12-01 10:25:54.022 INFO : Starting Map Task task_id = 26_M0 job_id = 26 on Worker worker_id = 2
root - 2020-12-01 10:25:54.022 DEBUG : Full
root - 2020-12-01 10:25:55.023 INFO : Ending Map task task_id = 24_M0 job_id = 24
root - 2020-12-01 10:25:55.024 INFO : Starting Map Task task_id = 26_M1 job_id = 26 on Worker worker_id = 2
root - 2020-12-01 10:25:55.024 DEBUG : Full
root - 2020-12-01 10:25:56.026 INFO : Ending Map task task_id = 24_M1 job_id = 24
root - 2020-12-01 10:25:56.027 INFO : Starting Map Task task_id = 26_M2 job_id = 26 on Worker worker_id = 2
root - 2020-12-01 10:25:56.027 DEBUG : Full
root - 2020-12-01 10:25:57.029 INFO : Ending Map task task_id = 24_M3 job_id = 24
root - 2020-12-01 10:25:57.030 INFO : Starting Map Task task_id = 26_M3 job_id = 26 on Worker worker_id = 2
root - 2020-12-01 10:25:57.030 DEBUG : Full
root - 2020-12-01 10:25:58.031 INFO : Ending Map task task_id = 24_M2 job_id = 24
root - 2020-12-01 10:25:58.031 INFO : Starting Job job_id = 27
root - 2020-12-01 10:25:58.032 INFO : Starting Map Task task_id = 27_M0 job_id = 27 on Worker worker_id = 2
root - 2020-12-01 10:25:58.032 DEBUG : Full
root - 2020-12-01 10:25:59.033 INFO : Ending Reduce task task_id = 7_R0 job_id = 7
root - 2020-12-01 10:25:59.034 INFO : Ending Job job_id = 7
root - 2020-12-01 10:25:59.034 INFO : Starting Map Task task_id = 27_M1 job_id = 27 on Worker worker_id = 1
root - 2020-12-01 10:25:59.034 DEBUG : Full
root - 2020-12-01 10:26:00.035 INFO : Ending Map task task_id = 25_M0 job_id = 25
root - 2020-12-01 10:26:00.036 INFO : Starting Map Task task_id = 27_M2 job_id = 27 on Worker worker_id = 2
root - 2020-12-01 10:26:00.036 DEBUG : Full
root - 2020-12-01 10:26:01.037 INFO : Ending Map task task_id = 25_M1 job_id = 25
root - 2020-12-01 10:26:01.037 INFO : Starting Map Task task_id = 27_M3 job_id = 27 on Worker worker_id = 2
root - 2020-12-01 10:26:01.037 DEBUG : Full
root - 2020-12-01 10:26:02.039 INFO : Ending Map task task_id = 26_M0 job_id = 26
root - 2020-12-01 10:26:02.039 INFO : Starting Job job_id = 28
root - 2020-12-01 10:26:02.039 INFO : Starting Map Task task_id = 28_M0 job_id = 28 on Worker worker_id = 2
root - 2020-12-01 10:26:02.039 DEBUG : Full
root - 2020-12-01 10:26:03.041 INFO : Ending Map task task_id = 26_M1 job_id = 26
root - 2020-12-01 10:26:03.041 INFO : Starting Reduce Task task_id = 8_R0 job_id = 8 on Worker worker_id = 2
root - 2020-12-01 10:26:03.041 DEBUG : Full
root - 2020-12-01 10:26:04.042 INFO : Ending Map task task_id = 26_M2 job_id = 26
root - 2020-12-01 10:26:04.042 INFO : Starting Reduce Task task_id = 8_R1 job_id = 8 on Worker worker_id = 2
root - 2020-12-01 10:26:04.042 DEBUG : Full
root - 2020-12-01 10:26:05.043 INFO : Ending Map task task_id = 27_M1 job_id = 27
root - 2020-12-01 10:26:05.043 INFO : Starting Job job_id = 29
root - 2020-12-01 10:26:05.044 INFO : Starting Map Task task_id = 29_M0 job_id = 29 on Worker worker_id = 1
root - 2020-12-01 10:26:05.044 DEBUG : Full
root - 2020-12-01 10:26:06.045 INFO : Ending Map task task_id = 26_M3 job_id = 26
root - 2020-12-01 10:26:06.045 INFO : Starting Map Task task_id = 29_M1 job_id = 29 on Worker worker_id = 2
root - 2020-12-01 10:26:06.045 DEBUG : Full
root - 2020-12-01 10:26:07.047 INFO : Ending Map task task_id = 27_M0 job_id = 27
root - 2020-12-01 10:26:07.047 INFO : Starting Map Task task_id = 29_M2 job_id = 29 on Worker worker_id = 2
root - 2020-12-01 10:26:07.047 DEBUG : Full
root - 2020-12-01 10:26:08.048 INFO : Ending Map task task_id = 27_M3 job_id = 27
root - 2020-12-01 10:26:08.048 INFO : Starting Reduce Task task_id = 9_R0 job_id = 9 on Worker worker_id = 2
root - 2020-12-01 10:26:08.049 DEBUG : Full
root - 2020-12-01 10:26:09.050 INFO : Ending Map task task_id = 27_M2 job_id = 27
root - 2020-12-01 10:26:09.050 INFO : Starting Reduce Task task_id = 12_R0 job_id = 12 on Worker worker_id = 2
root - 2020-12-01 10:26:09.050 DEBUG : Full
root - 2020-12-01 10:26:10.051 INFO : Ending Map task task_id = 28_M0 job_id = 28
root - 2020-12-01 10:26:10.052 INFO : Starting Reduce Task task_id = 10_R0 job_id = 10 on Worker worker_id = 2
root - 2020-12-01 10:26:10.052 DEBUG : Full
root - 2020-12-01 10:26:11.053 INFO : Ending Reduce task task_id = 8_R0 job_id = 8
root - 2020-12-01 10:26:11.054 INFO : Starting Reduce Task task_id = 10_R1 job_id = 10 on Worker worker_id = 2
root - 2020-12-01 10:26:11.054 DEBUG : Full
root - 2020-12-01 10:26:12.055 INFO : Ending Reduce task task_id = 8_R1 job_id = 8
root - 2020-12-01 10:26:12.055 INFO : Ending Job job_id = 8
root - 2020-12-01 10:26:12.055 INFO : Starting Reduce Task task_id = 11_R0 job_id = 11 on Worker worker_id = 2
root - 2020-12-01 10:26:12.055 DEBUG : Full
root - 2020-12-01 10:26:13.057 INFO : Ending Map task task_id = 29_M0 job_id = 29
root - 2020-12-01 10:26:13.057 INFO : Starting Reduce Task task_id = 13_R0 job_id = 13 on Worker worker_id = 1
root - 2020-12-01 10:26:13.057 DEBUG : Full
root - 2020-12-01 10:26:14.058 INFO : Ending Map task task_id = 29_M1 job_id = 29
root - 2020-12-01 10:26:14.058 INFO : Starting Reduce Task task_id = 13_R1 job_id = 13 on Worker worker_id = 2
root - 2020-12-01 10:26:14.058 DEBUG : Full
root - 2020-12-01 10:26:15.059 INFO : Ending Map task task_id = 29_M2 job_id = 29
root - 2020-12-01 10:26:15.059 INFO : Starting Reduce Task task_id = 14_R0 job_id = 14 on Worker worker_id = 2
root - 2020-12-01 10:26:15.060 DEBUG : Full
root - 2020-12-01 10:26:16.061 INFO : Ending Reduce task task_id = 9_R0 job_id = 9
root - 2020-12-01 10:26:16.061 INFO : Ending Job job_id = 9
root - 2020-12-01 10:26:16.061 INFO : Starting Reduce Task task_id = 15_R0 job_id = 15 on Worker worker_id = 2
root - 2020-12-01 10:26:16.061 DEBUG : Full
root - 2020-12-01 10:26:17.062 INFO : Ending Reduce task task_id = 12_R0 job_id = 12
root - 2020-12-01 10:26:17.062 INFO : Ending Job job_id = 12
root - 2020-12-01 10:26:17.063 INFO : Starting Reduce Task task_id = 15_R1 job_id = 15 on Worker worker_id = 2
root - 2020-12-01 10:26:17.063 DEBUG : Full
root - 2020-12-01 10:26:18.064 INFO : Ending Reduce task task_id = 10_R1 job_id = 10
root - 2020-12-01 10:26:18.064 INFO : Starting Reduce Task task_id = 17_R0 job_id = 17 on Worker worker_id = 2
root - 2020-12-01 10:26:18.064 DEBUG : Full
root - 2020-12-01 10:26:19.066 INFO : Ending Reduce task task_id = 10_R0 job_id = 10
root - 2020-12-01 10:26:19.066 INFO : Ending Job job_id = 10
root - 2020-12-01 10:26:19.066 INFO : Starting Reduce Task task_id = 17_R1 job_id = 17 on Worker worker_id = 2
root - 2020-12-01 10:26:19.066 DEBUG : Full
root - 2020-12-01 10:26:20.067 INFO : Ending Reduce task task_id = 13_R0 job_id = 13
root - 2020-12-01 10:26:20.067 INFO : Starting Reduce Task task_id = 16_R0 job_id = 16 on Worker worker_id = 1
root - 2020-12-01 10:26:20.068 DEBUG : Full
root - 2020-12-01 10:26:21.069 INFO : Ending Reduce task task_id = 11_R0 job_id = 11
root - 2020-12-01 10:26:21.069 INFO : Ending Job job_id = 11
root - 2020-12-01 10:26:21.069 INFO : Starting Reduce Task task_id = 18_R0 job_id = 18 on Worker worker_id = 2
root - 2020-12-01 10:26:21.070 DEBUG : Full
root - 2020-12-01 10:26:22.071 INFO : Ending Reduce task task_id = 13_R1 job_id = 13
root - 2020-12-01 10:26:22.071 INFO : Ending Job job_id = 13
root - 2020-12-01 10:26:22.071 INFO : Starting Reduce Task task_id = 19_R0 job_id = 19 on Worker worker_id = 2
root - 2020-12-01 10:26:22.071 DEBUG : Full
root - 2020-12-01 10:26:23.073 INFO : Ending Reduce task task_id = 14_R0 job_id = 14
root - 2020-12-01 10:26:23.073 INFO : Ending Job job_id = 14
root - 2020-12-01 10:26:23.073 INFO : Starting Reduce Task task_id = 20_R0 job_id = 20 on Worker worker_id = 2
root - 2020-12-01 10:26:23.073 DEBUG : Full
root - 2020-12-01 10:26:24.074 INFO : Ending Reduce task task_id = 15_R0 job_id = 15
root - 2020-12-01 10:26:24.075 INFO : Starting Reduce Task task_id = 20_R1 job_id = 20 on Worker worker_id = 2
root - 2020-12-01 10:26:24.075 DEBUG : Full
root - 2020-12-01 10:26:25.077 INFO : Ending Reduce task task_id = 17_R0 job_id = 17
root - 2020-12-01 10:26:25.077 INFO : Starting Reduce Task task_id = 21_R0 job_id = 21 on Worker worker_id = 2
root - 2020-12-01 10:26:25.077 DEBUG : Full
root - 2020-12-01 10:26:26.078 INFO : Ending Reduce task task_id = 16_R0 job_id = 16
root - 2020-12-01 10:26:26.079 INFO : Ending Job job_id = 16
root - 2020-12-01 10:26:26.079 INFO : Starting Reduce Task task_id = 22_R0 job_id = 22 on Worker worker_id = 1
root - 2020-12-01 10:26:26.079 DEBUG : Full
root - 2020-12-01 10:26:27.080 INFO : Ending Reduce task task_id = 15_R1 job_id = 15
root - 2020-12-01 10:26:27.081 INFO : Ending Job job_id = 15
root - 2020-12-01 10:26:27.081 INFO : Starting Reduce Task task_id = 23_R0 job_id = 23 on Worker worker_id = 2
root - 2020-12-01 10:26:27.081 DEBUG : Full
root - 2020-12-01 10:26:28.082 INFO : Ending Reduce task task_id = 17_R1 job_id = 17
root - 2020-12-01 10:26:28.083 INFO : Ending Job job_id = 17
root - 2020-12-01 10:26:28.083 INFO : Starting Reduce Task task_id = 24_R0 job_id = 24 on Worker worker_id = 2
root - 2020-12-01 10:26:28.083 DEBUG : Full
root - 2020-12-01 10:26:29.084 INFO : Ending Reduce task task_id = 18_R0 job_id = 18
root - 2020-12-01 10:26:29.085 INFO : Ending Job job_id = 18
root - 2020-12-01 10:26:29.085 INFO : Starting Reduce Task task_id = 25_R0 job_id = 25 on Worker worker_id = 2
root - 2020-12-01 10:26:29.086 DEBUG : Full
root - 2020-12-01 10:26:30.087 INFO : Ending Reduce task task_id = 20_R1 job_id = 20
root - 2020-12-01 10:26:30.088 INFO : Starting Reduce Task task_id = 26_R0 job_id = 26 on Worker worker_id = 2
root - 2020-12-01 10:26:30.088 DEBUG : Full
root - 2020-12-01 10:26:31.090 INFO : Ending Reduce task task_id = 19_R0 job_id = 19
root - 2020-12-01 10:26:31.090 INFO : Ending Job job_id = 19
root - 2020-12-01 10:26:31.090 INFO : Starting Reduce Task task_id = 27_R0 job_id = 27 on Worker worker_id = 2
root - 2020-12-01 10:26:31.090 DEBUG : Full
root - 2020-12-01 10:26:32.092 INFO : Ending Reduce task task_id = 20_R0 job_id = 20
root - 2020-12-01 10:26:32.092 INFO : Ending Job job_id = 20
root - 2020-12-01 10:26:32.092 INFO : Starting Reduce Task task_id = 27_R1 job_id = 27 on Worker worker_id = 2
root - 2020-12-01 10:26:32.092 DEBUG : Full
root - 2020-12-01 10:26:33.094 INFO : Ending Reduce task task_id = 21_R0 job_id = 21
root - 2020-12-01 10:26:33.094 INFO : Ending Job job_id = 21
root - 2020-12-01 10:26:33.094 INFO : Starting Reduce Task task_id = 28_R0 job_id = 28 on Worker worker_id = 2
root - 2020-12-01 10:26:33.095 DEBUG : Full
root - 2020-12-01 10:26:34.095 INFO : Ending Reduce task task_id = 22_R0 job_id = 22
root - 2020-12-01 10:26:34.096 INFO : Ending Job job_id = 22
root - 2020-12-01 10:26:34.096 INFO : Starting Reduce Task task_id = 29_R0 job_id = 29 on Worker worker_id = 1
root - 2020-12-01 10:26:34.096 DEBUG : Full
root - 2020-12-01 10:26:35.098 INFO : Ending Reduce task task_id = 23_R0 job_id = 23
root - 2020-12-01 10:26:35.098 INFO : Ending Job job_id = 23
root - 2020-12-01 10:26:35.098 INFO : Starting Reduce Task task_id = 29_R1 job_id = 29 on Worker worker_id = 2
root - 2020-12-01 10:26:35.098 DEBUG : Full
root - 2020-12-01 10:26:36.099 INFO : Ending Reduce task task_id = 25_R0 job_id = 25
root - 2020-12-01 10:26:36.100 INFO : Ending Job job_id = 25
root - 2020-12-01 10:26:37.101 INFO : Ending Reduce task task_id = 24_R0 job_id = 24
root - 2020-12-01 10:26:37.102 INFO : Ending Job job_id = 24
root - 2020-12-01 10:26:38.103 INFO : Ending Reduce task task_id = 26_R0 job_id = 26
root - 2020-12-01 10:26:38.103 INFO : Ending Job job_id = 26
root - 2020-12-01 10:26:39.105 INFO : Ending Reduce task task_id = 27_R0 job_id = 27
root - 2020-12-01 10:26:40.107 INFO : Ending Reduce task task_id = 27_R1 job_id = 27
root - 2020-12-01 10:26:40.107 INFO : Ending Job job_id = 27
root - 2020-12-01 10:26:41.108 INFO : Ending Reduce task task_id = 28_R0 job_id = 28
root - 2020-12-01 10:26:41.108 INFO : Ending Job job_id = 28
root - 2020-12-01 10:26:42.110 INFO : Ending Reduce task task_id = 29_R0 job_id = 29
root - 2020-12-01 10:26:43.111 INFO : Ending Reduce task task_id = 29_R1 job_id = 29
root - 2020-12-01 10:26:43.112 INFO : Ending Job job_id = 29
